[2025-11-01T03:55:13.838+0530] {local_task_job_runner.py:123} INFO - ::group::Pre task execution logs
[2025-11-01T03:55:13.865+0530] {taskinstance.py:2613} INFO - Dependencies all met for dep_context=non-requeueable deps ti=<TaskInstance: etl_google_analytics_dag.daily_visits_data_extration scheduled__2016-08-24T06:00:00+00:00 [queued]>
[2025-11-01T03:55:13.882+0530] {taskinstance.py:2613} INFO - Dependencies all met for dep_context=requeueable deps ti=<TaskInstance: etl_google_analytics_dag.daily_visits_data_extration scheduled__2016-08-24T06:00:00+00:00 [queued]>
[2025-11-01T03:55:13.883+0530] {taskinstance.py:2866} INFO - Starting attempt 1 of 3
[2025-11-01T03:55:13.930+0530] {taskinstance.py:2889} INFO - Executing <Task(PythonOperator): daily_visits_data_extration> on 2016-08-24 06:00:00+00:00
[2025-11-01T03:55:13.942+0530] {standard_task_runner.py:72} INFO - Started process 134674 to run task
[2025-11-01T03:55:13.982+0530] {standard_task_runner.py:104} INFO - Running: ['airflow', 'tasks', 'run', 'etl_google_analytics_dag', 'daily_visits_data_extration', 'scheduled__2016-08-24T06:00:00+00:00', '--job-id', '10', '--raw', '--subdir', 'DAGS_FOLDER/etl_google_analytics_dag.py', '--cfg-path', '/tmp/tmpx68fz0yt']
[2025-11-01T03:55:14.019+0530] {standard_task_runner.py:105} INFO - Job 10: Subtask daily_visits_data_extration
[2025-11-01T03:55:14.407+0530] {task_command.py:467} INFO - Running <TaskInstance: etl_google_analytics_dag.daily_visits_data_extration scheduled__2016-08-24T06:00:00+00:00 [running]> on host Abhijit.
[2025-11-01T03:55:14.636+0530] {taskinstance.py:3132} INFO - Exporting env vars: AIRFLOW_CTX_DAG_OWNER='airflow' AIRFLOW_CTX_DAG_ID='etl_google_analytics_dag' AIRFLOW_CTX_TASK_ID='daily_visits_data_extration' AIRFLOW_CTX_EXECUTION_DATE='2016-08-24T06:00:00+00:00' AIRFLOW_CTX_TRY_NUMBER='1' AIRFLOW_CTX_DAG_RUN_ID='scheduled__2016-08-24T06:00:00+00:00'
[2025-11-01T03:55:14.638+0530] {taskinstance.py:731} INFO - ::endgroup::
[2025-11-01T03:55:14.666+0530] {data_extractor.py:130} INFO - Starting Daily Visits extraction from 2016-08-17 to 2016-08-23
[2025-11-01T03:55:14.667+0530] {data_extractor.py:136} INFO - Fetching Daily Visits for date 2016-08-17...
[2025-11-01T03:55:14.667+0530] {data_extractor.py:85} INFO - Fetching page 1 with params: {'start_date': '2016-08-17', 'end_date': '2016-08-17'}
[2025-11-01T03:55:17.757+0530] {api_client.py:61} INFO - Fetched 1 daily visits.
[2025-11-01T03:55:17.759+0530] {data_extractor.py:98} INFO - Fetched 1 records (total so far: 1).
[2025-11-01T03:55:17.759+0530] {data_extractor.py:101} INFO - Last page reached for params: {'start_date': '2016-08-17', 'end_date': '2016-08-17'}
[2025-11-01T03:55:17.762+0530] {data_extractor.py:64} INFO - Saved 1 records to data/daily_visits/date=2016-08-17/part-2636b844.json
[2025-11-01T03:55:17.764+0530] {data_extractor.py:136} INFO - Fetching Daily Visits for date 2016-08-18...
[2025-11-01T03:55:17.765+0530] {data_extractor.py:85} INFO - Fetching page 1 with params: {'start_date': '2016-08-18', 'end_date': '2016-08-18'}
[2025-11-01T03:55:20.655+0530] {api_client.py:61} INFO - Fetched 1 daily visits.
[2025-11-01T03:55:20.656+0530] {data_extractor.py:98} INFO - Fetched 1 records (total so far: 1).
[2025-11-01T03:55:20.657+0530] {data_extractor.py:101} INFO - Last page reached for params: {'start_date': '2016-08-18', 'end_date': '2016-08-18'}
[2025-11-01T03:55:20.658+0530] {data_extractor.py:64} INFO - Saved 1 records to data/daily_visits/date=2016-08-18/part-f81e9b59.json
[2025-11-01T03:55:20.659+0530] {data_extractor.py:136} INFO - Fetching Daily Visits for date 2016-08-19...
[2025-11-01T03:55:20.659+0530] {data_extractor.py:85} INFO - Fetching page 1 with params: {'start_date': '2016-08-19', 'end_date': '2016-08-19'}
[2025-11-01T03:55:23.461+0530] {api_client.py:61} INFO - Fetched 1 daily visits.
[2025-11-01T03:55:23.462+0530] {data_extractor.py:98} INFO - Fetched 1 records (total so far: 1).
[2025-11-01T03:55:23.463+0530] {data_extractor.py:101} INFO - Last page reached for params: {'start_date': '2016-08-19', 'end_date': '2016-08-19'}
[2025-11-01T03:55:23.464+0530] {data_extractor.py:64} INFO - Saved 1 records to data/daily_visits/date=2016-08-19/part-329f0416.json
[2025-11-01T03:55:23.465+0530] {data_extractor.py:136} INFO - Fetching Daily Visits for date 2016-08-20...
[2025-11-01T03:55:23.465+0530] {data_extractor.py:85} INFO - Fetching page 1 with params: {'start_date': '2016-08-20', 'end_date': '2016-08-20'}
[2025-11-01T03:55:26.011+0530] {api_client.py:61} INFO - Fetched 1 daily visits.
[2025-11-01T03:55:26.011+0530] {data_extractor.py:98} INFO - Fetched 1 records (total so far: 1).
[2025-11-01T03:55:26.012+0530] {data_extractor.py:101} INFO - Last page reached for params: {'start_date': '2016-08-20', 'end_date': '2016-08-20'}
[2025-11-01T03:55:26.014+0530] {data_extractor.py:64} INFO - Saved 1 records to data/daily_visits/date=2016-08-20/part-e4457754.json
[2025-11-01T03:55:26.014+0530] {data_extractor.py:136} INFO - Fetching Daily Visits for date 2016-08-21...
[2025-11-01T03:55:26.015+0530] {data_extractor.py:85} INFO - Fetching page 1 with params: {'start_date': '2016-08-21', 'end_date': '2016-08-21'}
[2025-11-01T03:55:28.658+0530] {api_client.py:61} INFO - Fetched 1 daily visits.
[2025-11-01T03:55:28.658+0530] {data_extractor.py:98} INFO - Fetched 1 records (total so far: 1).
[2025-11-01T03:55:28.659+0530] {data_extractor.py:101} INFO - Last page reached for params: {'start_date': '2016-08-21', 'end_date': '2016-08-21'}
[2025-11-01T03:55:28.664+0530] {data_extractor.py:64} INFO - Saved 1 records to data/daily_visits/date=2016-08-21/part-9b769d0e.json
[2025-11-01T03:55:28.665+0530] {data_extractor.py:136} INFO - Fetching Daily Visits for date 2016-08-22...
[2025-11-01T03:55:28.665+0530] {data_extractor.py:85} INFO - Fetching page 1 with params: {'start_date': '2016-08-22', 'end_date': '2016-08-22'}
[2025-11-01T03:55:31.457+0530] {api_client.py:61} INFO - Fetched 1 daily visits.
[2025-11-01T03:55:31.458+0530] {data_extractor.py:98} INFO - Fetched 1 records (total so far: 1).
[2025-11-01T03:55:31.459+0530] {data_extractor.py:101} INFO - Last page reached for params: {'start_date': '2016-08-22', 'end_date': '2016-08-22'}
[2025-11-01T03:55:31.461+0530] {data_extractor.py:64} INFO - Saved 1 records to data/daily_visits/date=2016-08-22/part-dbf61ec7.json
[2025-11-01T03:55:31.462+0530] {data_extractor.py:157} INFO - ✅ Completed Daily Visits extraction for all dates.
[2025-11-01T03:55:31.462+0530] {python.py:240} INFO - Done. Returned value was: None
[2025-11-01T03:55:31.477+0530] {taskinstance.py:340} INFO - ::group::Post task execution logs
[2025-11-01T03:55:31.478+0530] {taskinstance.py:352} INFO - Marking task as SUCCESS. dag_id=etl_google_analytics_dag, task_id=daily_visits_data_extration, run_id=scheduled__2016-08-24T06:00:00+00:00, execution_date=20160824T060000, start_date=20251031T222513, end_date=20251031T222531
[2025-11-01T03:55:31.559+0530] {local_task_job_runner.py:266} INFO - Task exited with return code 0
[2025-11-01T03:55:31.597+0530] {taskinstance.py:3895} INFO - 1 downstream tasks scheduled from follow-on schedule check
[2025-11-01T03:55:31.617+0530] {local_task_job_runner.py:245} INFO - ::endgroup::
