[2025-11-01T04:00:37.648+0530] {local_task_job_runner.py:123} INFO - ::group::Pre task execution logs
[2025-11-01T04:00:37.674+0530] {taskinstance.py:2613} INFO - Dependencies all met for dep_context=non-requeueable deps ti=<TaskInstance: etl_google_analytics_dag.daily_visits_bq_ingestion scheduled__2016-08-17T18:00:00+00:00 [queued]>
[2025-11-01T04:00:37.688+0530] {taskinstance.py:2613} INFO - Dependencies all met for dep_context=requeueable deps ti=<TaskInstance: etl_google_analytics_dag.daily_visits_bq_ingestion scheduled__2016-08-17T18:00:00+00:00 [queued]>
[2025-11-01T04:00:37.689+0530] {taskinstance.py:2866} INFO - Starting attempt 1 of 3
[2025-11-01T04:00:37.733+0530] {taskinstance.py:2889} INFO - Executing <Task(PythonOperator): daily_visits_bq_ingestion> on 2016-08-17 18:00:00+00:00
[2025-11-01T04:00:37.738+0530] {standard_task_runner.py:72} INFO - Started process 139391 to run task
[2025-11-01T04:00:37.744+0530] {standard_task_runner.py:104} INFO - Running: ['airflow', 'tasks', 'run', 'etl_google_analytics_dag', 'daily_visits_bq_ingestion', 'scheduled__2016-08-17T18:00:00+00:00', '--job-id', '13', '--raw', '--subdir', 'DAGS_FOLDER/etl_google_analytics_dag.py', '--cfg-path', '/tmp/tmpp09sd6mf']
[2025-11-01T04:00:37.747+0530] {standard_task_runner.py:105} INFO - Job 13: Subtask daily_visits_bq_ingestion
[2025-11-01T04:00:37.831+0530] {task_command.py:467} INFO - Running <TaskInstance: etl_google_analytics_dag.daily_visits_bq_ingestion scheduled__2016-08-17T18:00:00+00:00 [running]> on host Abhijit.
[2025-11-01T04:00:37.992+0530] {taskinstance.py:3132} INFO - Exporting env vars: AIRFLOW_CTX_DAG_OWNER='airflow' AIRFLOW_CTX_DAG_ID='etl_google_analytics_dag' AIRFLOW_CTX_TASK_ID='daily_visits_bq_ingestion' AIRFLOW_CTX_EXECUTION_DATE='2016-08-17T18:00:00+00:00' AIRFLOW_CTX_TRY_NUMBER='1' AIRFLOW_CTX_DAG_RUN_ID='scheduled__2016-08-17T18:00:00+00:00'
[2025-11-01T04:00:37.994+0530] {taskinstance.py:731} INFO - ::endgroup::
[2025-11-01T04:00:38.133+0530] {bq_data_load.py:151} INFO - 📂 Processing directory: data/daily_visits/date=2016-08-10
[2025-11-01T04:00:38.139+0530] {bq_data_load.py:56} INFO - Loaded 1 records from data/daily_visits/date=2016-08-10/part-26953be9.json
[2025-11-01T04:00:38.140+0530] {bq_data_load.py:91} INFO - 📤 Loading 1 rows into dish-second-course.analytics.daily_visits
[2025-11-01T04:00:47.372+0530] {bq_data_load.py:111} INFO - ✅ Successfully loaded 1 rows into dish-second-course.analytics.daily_visits
[2025-11-01T04:00:47.374+0530] {bq_data_load.py:56} INFO - Loaded 1 records from data/daily_visits/date=2016-08-10/part-9ccf6e5e.json
[2025-11-01T04:00:47.375+0530] {bq_data_load.py:91} INFO - 📤 Loading 1 rows into dish-second-course.analytics.daily_visits
[2025-11-01T04:00:53.210+0530] {bq_data_load.py:111} INFO - ✅ Successfully loaded 1 rows into dish-second-course.analytics.daily_visits
[2025-11-01T04:00:53.211+0530] {bq_data_load.py:56} INFO - Loaded 1 records from data/daily_visits/date=2016-08-10/part-dfefce8e.json
[2025-11-01T04:00:53.211+0530] {bq_data_load.py:91} INFO - 📤 Loading 1 rows into dish-second-course.analytics.daily_visits
[2025-11-01T04:00:58.439+0530] {bq_data_load.py:111} INFO - ✅ Successfully loaded 1 rows into dish-second-course.analytics.daily_visits
[2025-11-01T04:00:58.441+0530] {bq_data_load.py:151} INFO - 📂 Processing directory: data/daily_visits/date=2016-08-11
[2025-11-01T04:00:58.468+0530] {bq_data_load.py:56} INFO - Loaded 1 records from data/daily_visits/date=2016-08-11/part-0c389e3e.json
[2025-11-01T04:00:58.469+0530] {bq_data_load.py:91} INFO - 📤 Loading 1 rows into dish-second-course.analytics.daily_visits
[2025-11-01T04:01:03.551+0530] {bq_data_load.py:111} INFO - ✅ Successfully loaded 1 rows into dish-second-course.analytics.daily_visits
[2025-11-01T04:01:03.553+0530] {bq_data_load.py:56} INFO - Loaded 1 records from data/daily_visits/date=2016-08-11/part-409e1e8f.json
[2025-11-01T04:01:03.555+0530] {bq_data_load.py:91} INFO - 📤 Loading 1 rows into dish-second-course.analytics.daily_visits
[2025-11-01T04:01:08.639+0530] {bq_data_load.py:111} INFO - ✅ Successfully loaded 1 rows into dish-second-course.analytics.daily_visits
[2025-11-01T04:01:08.641+0530] {bq_data_load.py:56} INFO - Loaded 1 records from data/daily_visits/date=2016-08-11/part-420364d9.json
[2025-11-01T04:01:08.642+0530] {bq_data_load.py:91} INFO - 📤 Loading 1 rows into dish-second-course.analytics.daily_visits
[2025-11-01T04:01:14.144+0530] {bq_data_load.py:111} INFO - ✅ Successfully loaded 1 rows into dish-second-course.analytics.daily_visits
[2025-11-01T04:01:14.145+0530] {bq_data_load.py:151} INFO - 📂 Processing directory: data/daily_visits/date=2016-08-12
[2025-11-01T04:01:14.152+0530] {bq_data_load.py:56} INFO - Loaded 1 records from data/daily_visits/date=2016-08-12/part-e8a661ec.json
[2025-11-01T04:01:14.153+0530] {bq_data_load.py:91} INFO - 📤 Loading 1 rows into dish-second-course.analytics.daily_visits
[2025-11-01T04:01:27.046+0530] {bq_data_load.py:111} INFO - ✅ Successfully loaded 1 rows into dish-second-course.analytics.daily_visits
[2025-11-01T04:01:27.048+0530] {bq_data_load.py:56} INFO - Loaded 1 records from data/daily_visits/date=2016-08-12/part-9544d646.json
[2025-11-01T04:01:27.049+0530] {bq_data_load.py:91} INFO - 📤 Loading 1 rows into dish-second-course.analytics.daily_visits
[2025-11-01T04:01:32.352+0530] {bq_data_load.py:111} INFO - ✅ Successfully loaded 1 rows into dish-second-course.analytics.daily_visits
[2025-11-01T04:01:32.353+0530] {bq_data_load.py:56} INFO - Loaded 1 records from data/daily_visits/date=2016-08-12/part-2663dda2.json
[2025-11-01T04:01:32.354+0530] {bq_data_load.py:91} INFO - 📤 Loading 1 rows into dish-second-course.analytics.daily_visits
[2025-11-01T04:01:37.498+0530] {bq_data_load.py:111} INFO - ✅ Successfully loaded 1 rows into dish-second-course.analytics.daily_visits
[2025-11-01T04:01:37.499+0530] {bq_data_load.py:151} INFO - 📂 Processing directory: data/daily_visits/date=2016-08-13
[2025-11-01T04:01:37.501+0530] {bq_data_load.py:56} INFO - Loaded 1 records from data/daily_visits/date=2016-08-13/part-5c4455a5.json
[2025-11-01T04:01:37.501+0530] {bq_data_load.py:91} INFO - 📤 Loading 1 rows into dish-second-course.analytics.daily_visits
[2025-11-01T04:01:43.917+0530] {bq_data_load.py:111} INFO - ✅ Successfully loaded 1 rows into dish-second-course.analytics.daily_visits
[2025-11-01T04:01:43.918+0530] {bq_data_load.py:56} INFO - Loaded 1 records from data/daily_visits/date=2016-08-13/part-b2a25c9f.json
[2025-11-01T04:01:43.919+0530] {bq_data_load.py:91} INFO - 📤 Loading 1 rows into dish-second-course.analytics.daily_visits
[2025-11-01T04:01:49.277+0530] {bq_data_load.py:111} INFO - ✅ Successfully loaded 1 rows into dish-second-course.analytics.daily_visits
[2025-11-01T04:01:49.279+0530] {bq_data_load.py:56} INFO - Loaded 1 records from data/daily_visits/date=2016-08-13/part-0448f397.json
[2025-11-01T04:01:49.280+0530] {bq_data_load.py:91} INFO - 📤 Loading 1 rows into dish-second-course.analytics.daily_visits
[2025-11-01T04:01:54.976+0530] {bq_data_load.py:111} INFO - ✅ Successfully loaded 1 rows into dish-second-course.analytics.daily_visits
[2025-11-01T04:01:54.978+0530] {bq_data_load.py:151} INFO - 📂 Processing directory: data/daily_visits/date=2016-08-14
[2025-11-01T04:01:54.981+0530] {bq_data_load.py:56} INFO - Loaded 1 records from data/daily_visits/date=2016-08-14/part-53c9ce95.json
[2025-11-01T04:01:54.982+0530] {bq_data_load.py:91} INFO - 📤 Loading 1 rows into dish-second-course.analytics.daily_visits
[2025-11-01T04:02:00.365+0530] {bq_data_load.py:111} INFO - ✅ Successfully loaded 1 rows into dish-second-course.analytics.daily_visits
[2025-11-01T04:02:00.388+0530] {bq_data_load.py:56} INFO - Loaded 1 records from data/daily_visits/date=2016-08-14/part-aa03b26d.json
[2025-11-01T04:02:00.389+0530] {bq_data_load.py:91} INFO - 📤 Loading 1 rows into dish-second-course.analytics.daily_visits
[2025-11-01T04:02:07.032+0530] {bq_data_load.py:111} INFO - ✅ Successfully loaded 1 rows into dish-second-course.analytics.daily_visits
[2025-11-01T04:02:07.034+0530] {bq_data_load.py:56} INFO - Loaded 1 records from data/daily_visits/date=2016-08-14/part-9675af3c.json
[2025-11-01T04:02:07.036+0530] {bq_data_load.py:91} INFO - 📤 Loading 1 rows into dish-second-course.analytics.daily_visits
[2025-11-01T04:02:12.480+0530] {bq_data_load.py:111} INFO - ✅ Successfully loaded 1 rows into dish-second-course.analytics.daily_visits
[2025-11-01T04:02:12.482+0530] {bq_data_load.py:151} INFO - 📂 Processing directory: data/daily_visits/date=2016-08-15
[2025-11-01T04:02:12.484+0530] {bq_data_load.py:56} INFO - Loaded 1 records from data/daily_visits/date=2016-08-15/part-6b94904d.json
[2025-11-01T04:02:12.485+0530] {bq_data_load.py:91} INFO - 📤 Loading 1 rows into dish-second-course.analytics.daily_visits
[2025-11-01T04:02:17.915+0530] {bq_data_load.py:111} INFO - ✅ Successfully loaded 1 rows into dish-second-course.analytics.daily_visits
[2025-11-01T04:02:17.987+0530] {bq_data_load.py:56} INFO - Loaded 1 records from data/daily_visits/date=2016-08-15/part-748f148b.json
[2025-11-01T04:02:17.988+0530] {bq_data_load.py:91} INFO - 📤 Loading 1 rows into dish-second-course.analytics.daily_visits
[2025-11-01T04:02:26.636+0530] {bq_data_load.py:111} INFO - ✅ Successfully loaded 1 rows into dish-second-course.analytics.daily_visits
[2025-11-01T04:02:26.638+0530] {bq_data_load.py:56} INFO - Loaded 1 records from data/daily_visits/date=2016-08-15/part-454e66a3.json
[2025-11-01T04:02:26.639+0530] {bq_data_load.py:91} INFO - 📤 Loading 1 rows into dish-second-course.analytics.daily_visits
[2025-11-01T04:02:31.949+0530] {bq_data_load.py:111} INFO - ✅ Successfully loaded 1 rows into dish-second-course.analytics.daily_visits
[2025-11-01T04:02:31.950+0530] {bq_data_load.py:151} INFO - 📂 Processing directory: data/daily_visits/date=2016-08-16
[2025-11-01T04:02:31.953+0530] {bq_data_load.py:56} INFO - Loaded 1 records from data/daily_visits/date=2016-08-16/part-4fc2878b.json
[2025-11-01T04:02:31.954+0530] {bq_data_load.py:91} INFO - 📤 Loading 1 rows into dish-second-course.analytics.daily_visits
[2025-11-01T04:02:37.592+0530] {bq_data_load.py:111} INFO - ✅ Successfully loaded 1 rows into dish-second-course.analytics.daily_visits
[2025-11-01T04:02:37.626+0530] {python.py:240} INFO - Done. Returned value was: None
[2025-11-01T04:02:37.970+0530] {taskinstance.py:340} INFO - ::group::Post task execution logs
[2025-11-01T04:02:37.979+0530] {taskinstance.py:352} INFO - Marking task as SUCCESS. dag_id=etl_google_analytics_dag, task_id=daily_visits_bq_ingestion, run_id=scheduled__2016-08-17T18:00:00+00:00, execution_date=20160817T180000, start_date=20251031T223037, end_date=20251031T223237
[2025-11-01T04:02:38.315+0530] {local_task_job_runner.py:266} INFO - Task exited with return code 0
[2025-11-01T04:02:38.567+0530] {taskinstance.py:3895} INFO - 1 downstream tasks scheduled from follow-on schedule check
[2025-11-01T04:02:38.600+0530] {local_task_job_runner.py:245} INFO - ::endgroup::
