[2025-11-01T03:52:32.314+0530] {local_task_job_runner.py:123} INFO - ::group::Pre task execution logs
[2025-11-01T03:52:32.327+0530] {taskinstance.py:2613} INFO - Dependencies all met for dep_context=non-requeueable deps ti=<TaskInstance: etl_google_analytics_dag.daily_visits_bq_ingestion scheduled__2016-08-17T06:00:00+00:00 [queued]>
[2025-11-01T03:52:32.338+0530] {taskinstance.py:2613} INFO - Dependencies all met for dep_context=requeueable deps ti=<TaskInstance: etl_google_analytics_dag.daily_visits_bq_ingestion scheduled__2016-08-17T06:00:00+00:00 [queued]>
[2025-11-01T03:52:32.338+0530] {taskinstance.py:2866} INFO - Starting attempt 1 of 3
[2025-11-01T03:52:32.369+0530] {taskinstance.py:2889} INFO - Executing <Task(PythonOperator): daily_visits_bq_ingestion> on 2016-08-17 06:00:00+00:00
[2025-11-01T03:52:32.373+0530] {standard_task_runner.py:72} INFO - Started process 132016 to run task
[2025-11-01T03:52:32.379+0530] {standard_task_runner.py:104} INFO - Running: ['airflow', 'tasks', 'run', 'etl_google_analytics_dag', 'daily_visits_bq_ingestion', 'scheduled__2016-08-17T06:00:00+00:00', '--job-id', '9', '--raw', '--subdir', 'DAGS_FOLDER/etl_google_analytics_dag.py', '--cfg-path', '/tmp/tmplt0dm7f_']
[2025-11-01T03:52:32.382+0530] {standard_task_runner.py:105} INFO - Job 9: Subtask daily_visits_bq_ingestion
[2025-11-01T03:52:32.449+0530] {task_command.py:467} INFO - Running <TaskInstance: etl_google_analytics_dag.daily_visits_bq_ingestion scheduled__2016-08-17T06:00:00+00:00 [running]> on host Abhijit.
[2025-11-01T03:52:32.555+0530] {taskinstance.py:3132} INFO - Exporting env vars: AIRFLOW_CTX_DAG_OWNER='airflow' AIRFLOW_CTX_DAG_ID='etl_google_analytics_dag' AIRFLOW_CTX_TASK_ID='daily_visits_bq_ingestion' AIRFLOW_CTX_EXECUTION_DATE='2016-08-17T06:00:00+00:00' AIRFLOW_CTX_TRY_NUMBER='1' AIRFLOW_CTX_DAG_RUN_ID='scheduled__2016-08-17T06:00:00+00:00'
[2025-11-01T03:52:32.557+0530] {taskinstance.py:731} INFO - ::endgroup::
[2025-11-01T03:52:32.721+0530] {bq_data_load.py:151} INFO - 📂 Processing directory: data/daily_visits/date=2016-08-10
[2025-11-01T03:52:32.723+0530] {bq_data_load.py:56} INFO - Loaded 1 records from data/daily_visits/date=2016-08-10/part-26953be9.json
[2025-11-01T03:52:32.724+0530] {bq_data_load.py:91} INFO - 📤 Loading 1 rows into dish-second-course.analytics.daily_visits
[2025-11-01T03:52:39.472+0530] {bq_data_load.py:111} INFO - ✅ Successfully loaded 1 rows into dish-second-course.analytics.daily_visits
[2025-11-01T03:52:39.474+0530] {bq_data_load.py:56} INFO - Loaded 1 records from data/daily_visits/date=2016-08-10/part-9ccf6e5e.json
[2025-11-01T03:52:39.476+0530] {bq_data_load.py:91} INFO - 📤 Loading 1 rows into dish-second-course.analytics.daily_visits
[2025-11-01T03:52:46.277+0530] {bq_data_load.py:111} INFO - ✅ Successfully loaded 1 rows into dish-second-course.analytics.daily_visits
[2025-11-01T03:52:46.278+0530] {bq_data_load.py:56} INFO - Loaded 1 records from data/daily_visits/date=2016-08-10/part-dfefce8e.json
[2025-11-01T03:52:46.278+0530] {bq_data_load.py:91} INFO - 📤 Loading 1 rows into dish-second-course.analytics.daily_visits
[2025-11-01T03:52:51.483+0530] {bq_data_load.py:111} INFO - ✅ Successfully loaded 1 rows into dish-second-course.analytics.daily_visits
[2025-11-01T03:52:51.483+0530] {bq_data_load.py:151} INFO - 📂 Processing directory: data/daily_visits/date=2016-08-11
[2025-11-01T03:52:51.529+0530] {bq_data_load.py:56} INFO - Loaded 1 records from data/daily_visits/date=2016-08-11/part-0c389e3e.json
[2025-11-01T03:52:51.530+0530] {bq_data_load.py:91} INFO - 📤 Loading 1 rows into dish-second-course.analytics.daily_visits
[2025-11-01T03:52:56.880+0530] {bq_data_load.py:111} INFO - ✅ Successfully loaded 1 rows into dish-second-course.analytics.daily_visits
[2025-11-01T03:52:56.882+0530] {bq_data_load.py:56} INFO - Loaded 1 records from data/daily_visits/date=2016-08-11/part-409e1e8f.json
[2025-11-01T03:52:56.883+0530] {bq_data_load.py:91} INFO - 📤 Loading 1 rows into dish-second-course.analytics.daily_visits
[2025-11-01T03:53:03.761+0530] {bq_data_load.py:111} INFO - ✅ Successfully loaded 1 rows into dish-second-course.analytics.daily_visits
[2025-11-01T03:53:03.762+0530] {bq_data_load.py:56} INFO - Loaded 1 records from data/daily_visits/date=2016-08-11/part-420364d9.json
[2025-11-01T03:53:03.763+0530] {bq_data_load.py:91} INFO - 📤 Loading 1 rows into dish-second-course.analytics.daily_visits
[2025-11-01T03:53:09.946+0530] {bq_data_load.py:111} INFO - ✅ Successfully loaded 1 rows into dish-second-course.analytics.daily_visits
[2025-11-01T03:53:09.947+0530] {bq_data_load.py:151} INFO - 📂 Processing directory: data/daily_visits/date=2016-08-12
[2025-11-01T03:53:09.949+0530] {bq_data_load.py:56} INFO - Loaded 1 records from data/daily_visits/date=2016-08-12/part-e8a661ec.json
[2025-11-01T03:53:09.950+0530] {bq_data_load.py:91} INFO - 📤 Loading 1 rows into dish-second-course.analytics.daily_visits
[2025-11-01T03:53:15.702+0530] {bq_data_load.py:111} INFO - ✅ Successfully loaded 1 rows into dish-second-course.analytics.daily_visits
[2025-11-01T03:53:15.730+0530] {bq_data_load.py:56} INFO - Loaded 1 records from data/daily_visits/date=2016-08-12/part-9544d646.json
[2025-11-01T03:53:15.731+0530] {bq_data_load.py:91} INFO - 📤 Loading 1 rows into dish-second-course.analytics.daily_visits
[2025-11-01T03:53:21.140+0530] {bq_data_load.py:111} INFO - ✅ Successfully loaded 1 rows into dish-second-course.analytics.daily_visits
[2025-11-01T03:53:21.141+0530] {bq_data_load.py:56} INFO - Loaded 1 records from data/daily_visits/date=2016-08-12/part-2663dda2.json
[2025-11-01T03:53:21.141+0530] {bq_data_load.py:91} INFO - 📤 Loading 1 rows into dish-second-course.analytics.daily_visits
[2025-11-01T03:53:35.148+0530] {bq_data_load.py:111} INFO - ✅ Successfully loaded 1 rows into dish-second-course.analytics.daily_visits
[2025-11-01T03:53:35.149+0530] {bq_data_load.py:151} INFO - 📂 Processing directory: data/daily_visits/date=2016-08-13
[2025-11-01T03:53:35.193+0530] {bq_data_load.py:56} INFO - Loaded 1 records from data/daily_visits/date=2016-08-13/part-5c4455a5.json
[2025-11-01T03:53:35.194+0530] {bq_data_load.py:91} INFO - 📤 Loading 1 rows into dish-second-course.analytics.daily_visits
[2025-11-01T03:53:48.554+0530] {bq_data_load.py:111} INFO - ✅ Successfully loaded 1 rows into dish-second-course.analytics.daily_visits
[2025-11-01T03:53:48.610+0530] {bq_data_load.py:56} INFO - Loaded 1 records from data/daily_visits/date=2016-08-13/part-b2a25c9f.json
[2025-11-01T03:53:48.611+0530] {bq_data_load.py:91} INFO - 📤 Loading 1 rows into dish-second-course.analytics.daily_visits
[2025-11-01T03:53:59.316+0530] {bq_data_load.py:111} INFO - ✅ Successfully loaded 1 rows into dish-second-course.analytics.daily_visits
[2025-11-01T03:53:59.317+0530] {bq_data_load.py:56} INFO - Loaded 1 records from data/daily_visits/date=2016-08-13/part-0448f397.json
[2025-11-01T03:53:59.318+0530] {bq_data_load.py:91} INFO - 📤 Loading 1 rows into dish-second-course.analytics.daily_visits
[2025-11-01T03:54:05.589+0530] {bq_data_load.py:111} INFO - ✅ Successfully loaded 1 rows into dish-second-course.analytics.daily_visits
[2025-11-01T03:54:05.590+0530] {bq_data_load.py:151} INFO - 📂 Processing directory: data/daily_visits/date=2016-08-14
[2025-11-01T03:54:05.591+0530] {bq_data_load.py:56} INFO - Loaded 1 records from data/daily_visits/date=2016-08-14/part-53c9ce95.json
[2025-11-01T03:54:05.591+0530] {bq_data_load.py:91} INFO - 📤 Loading 1 rows into dish-second-course.analytics.daily_visits
[2025-11-01T03:54:10.890+0530] {bq_data_load.py:111} INFO - ✅ Successfully loaded 1 rows into dish-second-course.analytics.daily_visits
[2025-11-01T03:54:10.919+0530] {bq_data_load.py:56} INFO - Loaded 1 records from data/daily_visits/date=2016-08-14/part-aa03b26d.json
[2025-11-01T03:54:10.920+0530] {bq_data_load.py:91} INFO - 📤 Loading 1 rows into dish-second-course.analytics.daily_visits
[2025-11-01T03:54:16.815+0530] {bq_data_load.py:111} INFO - ✅ Successfully loaded 1 rows into dish-second-course.analytics.daily_visits
[2025-11-01T03:54:16.817+0530] {bq_data_load.py:56} INFO - Loaded 1 records from data/daily_visits/date=2016-08-14/part-9675af3c.json
[2025-11-01T03:54:16.817+0530] {bq_data_load.py:91} INFO - 📤 Loading 1 rows into dish-second-course.analytics.daily_visits
[2025-11-01T03:54:21.943+0530] {bq_data_load.py:111} INFO - ✅ Successfully loaded 1 rows into dish-second-course.analytics.daily_visits
[2025-11-01T03:54:21.944+0530] {bq_data_load.py:151} INFO - 📂 Processing directory: data/daily_visits/date=2016-08-15
[2025-11-01T03:54:21.960+0530] {bq_data_load.py:56} INFO - Loaded 1 records from data/daily_visits/date=2016-08-15/part-6b94904d.json
[2025-11-01T03:54:21.961+0530] {bq_data_load.py:91} INFO - 📤 Loading 1 rows into dish-second-course.analytics.daily_visits
[2025-11-01T03:54:27.362+0530] {bq_data_load.py:111} INFO - ✅ Successfully loaded 1 rows into dish-second-course.analytics.daily_visits
[2025-11-01T03:54:27.363+0530] {bq_data_load.py:56} INFO - Loaded 1 records from data/daily_visits/date=2016-08-15/part-748f148b.json
[2025-11-01T03:54:27.364+0530] {bq_data_load.py:91} INFO - 📤 Loading 1 rows into dish-second-course.analytics.daily_visits
[2025-11-01T03:54:42.929+0530] {bq_data_load.py:111} INFO - ✅ Successfully loaded 1 rows into dish-second-course.analytics.daily_visits
[2025-11-01T03:54:42.931+0530] {bq_data_load.py:56} INFO - Loaded 1 records from data/daily_visits/date=2016-08-15/part-454e66a3.json
[2025-11-01T03:54:42.932+0530] {bq_data_load.py:91} INFO - 📤 Loading 1 rows into dish-second-course.analytics.daily_visits
[2025-11-01T03:54:55.934+0530] {bq_data_load.py:111} INFO - ✅ Successfully loaded 1 rows into dish-second-course.analytics.daily_visits
[2025-11-01T03:54:55.935+0530] {bq_data_load.py:151} INFO - 📂 Processing directory: data/daily_visits/date=2016-08-16
[2025-11-01T03:54:55.944+0530] {bq_data_load.py:56} INFO - Loaded 1 records from data/daily_visits/date=2016-08-16/part-4fc2878b.json
[2025-11-01T03:54:55.945+0530] {bq_data_load.py:91} INFO - 📤 Loading 1 rows into dish-second-course.analytics.daily_visits
[2025-11-01T03:55:01.258+0530] {bq_data_load.py:111} INFO - ✅ Successfully loaded 1 rows into dish-second-course.analytics.daily_visits
[2025-11-01T03:55:01.261+0530] {python.py:240} INFO - Done. Returned value was: None
[2025-11-01T03:55:01.347+0530] {taskinstance.py:340} INFO - ::group::Post task execution logs
[2025-11-01T03:55:01.349+0530] {taskinstance.py:352} INFO - Marking task as SUCCESS. dag_id=etl_google_analytics_dag, task_id=daily_visits_bq_ingestion, run_id=scheduled__2016-08-17T06:00:00+00:00, execution_date=20160817T060000, start_date=20251031T222232, end_date=20251031T222501
[2025-11-01T03:55:01.444+0530] {local_task_job_runner.py:266} INFO - Task exited with return code 0
[2025-11-01T03:55:01.503+0530] {taskinstance.py:3895} INFO - 1 downstream tasks scheduled from follow-on schedule check
[2025-11-01T03:55:01.523+0530] {local_task_job_runner.py:245} INFO - ::endgroup::
