[2025-11-01T03:58:11.730+0530] {local_task_job_runner.py:123} INFO - ::group::Pre task execution logs
[2025-11-01T03:58:11.752+0530] {taskinstance.py:2613} INFO - Dependencies all met for dep_context=non-requeueable deps ti=<TaskInstance: etl_google_analytics_dag.daily_visits_bq_ingestion scheduled__2016-08-10T18:00:00+00:00 [queued]>
[2025-11-01T03:58:11.765+0530] {taskinstance.py:2613} INFO - Dependencies all met for dep_context=requeueable deps ti=<TaskInstance: etl_google_analytics_dag.daily_visits_bq_ingestion scheduled__2016-08-10T18:00:00+00:00 [queued]>
[2025-11-01T03:58:11.766+0530] {taskinstance.py:2866} INFO - Starting attempt 2 of 4
[2025-11-01T03:58:11.808+0530] {taskinstance.py:2889} INFO - Executing <Task(PythonOperator): daily_visits_bq_ingestion> on 2016-08-10 18:00:00+00:00
[2025-11-01T03:58:11.813+0530] {standard_task_runner.py:72} INFO - Started process 136978 to run task
[2025-11-01T03:58:11.821+0530] {standard_task_runner.py:104} INFO - Running: ['airflow', 'tasks', 'run', 'etl_google_analytics_dag', 'daily_visits_bq_ingestion', 'scheduled__2016-08-10T18:00:00+00:00', '--job-id', '12', '--raw', '--subdir', 'DAGS_FOLDER/etl_google_analytics_dag.py', '--cfg-path', '/tmp/tmp6x5s0d5w']
[2025-11-01T03:58:11.825+0530] {standard_task_runner.py:105} INFO - Job 12: Subtask daily_visits_bq_ingestion
[2025-11-01T03:58:11.917+0530] {task_command.py:467} INFO - Running <TaskInstance: etl_google_analytics_dag.daily_visits_bq_ingestion scheduled__2016-08-10T18:00:00+00:00 [running]> on host Abhijit.
[2025-11-01T03:58:12.057+0530] {taskinstance.py:3132} INFO - Exporting env vars: AIRFLOW_CTX_DAG_OWNER='airflow' AIRFLOW_CTX_DAG_ID='etl_google_analytics_dag' AIRFLOW_CTX_TASK_ID='daily_visits_bq_ingestion' AIRFLOW_CTX_EXECUTION_DATE='2016-08-10T18:00:00+00:00' AIRFLOW_CTX_TRY_NUMBER='2' AIRFLOW_CTX_DAG_RUN_ID='scheduled__2016-08-10T18:00:00+00:00'
[2025-11-01T03:58:12.060+0530] {taskinstance.py:731} INFO - ::endgroup::
[2025-11-01T03:58:12.222+0530] {bq_data_load.py:151} INFO - 📂 Processing directory: data/daily_visits/date=2016-08-03
[2025-11-01T03:58:12.223+0530] {bq_data_load.py:56} INFO - Loaded 1 records from data/daily_visits/date=2016-08-03/part-4c150bb5.json
[2025-11-01T03:58:12.223+0530] {bq_data_load.py:91} INFO - 📤 Loading 1 rows into dish-second-course.analytics.daily_visits
[2025-11-01T03:58:18.394+0530] {bq_data_load.py:111} INFO - ✅ Successfully loaded 1 rows into dish-second-course.analytics.daily_visits
[2025-11-01T03:58:18.395+0530] {bq_data_load.py:56} INFO - Loaded 1 records from data/daily_visits/date=2016-08-03/part-0dd72e78.json
[2025-11-01T03:58:18.396+0530] {bq_data_load.py:91} INFO - 📤 Loading 1 rows into dish-second-course.analytics.daily_visits
[2025-11-01T03:58:24.128+0530] {bq_data_load.py:111} INFO - ✅ Successfully loaded 1 rows into dish-second-course.analytics.daily_visits
[2025-11-01T03:58:24.129+0530] {bq_data_load.py:56} INFO - Loaded 1 records from data/daily_visits/date=2016-08-03/part-16a405fa.json
[2025-11-01T03:58:24.130+0530] {bq_data_load.py:91} INFO - 📤 Loading 1 rows into dish-second-course.analytics.daily_visits
[2025-11-01T03:58:29.757+0530] {bq_data_load.py:111} INFO - ✅ Successfully loaded 1 rows into dish-second-course.analytics.daily_visits
[2025-11-01T03:58:29.758+0530] {bq_data_load.py:151} INFO - 📂 Processing directory: data/daily_visits/date=2016-08-04
[2025-11-01T03:58:29.759+0530] {bq_data_load.py:56} INFO - Loaded 1 records from data/daily_visits/date=2016-08-04/part-9275c5e9.json
[2025-11-01T03:58:29.760+0530] {bq_data_load.py:91} INFO - 📤 Loading 1 rows into dish-second-course.analytics.daily_visits
[2025-11-01T03:58:34.869+0530] {bq_data_load.py:111} INFO - ✅ Successfully loaded 1 rows into dish-second-course.analytics.daily_visits
[2025-11-01T03:58:34.870+0530] {bq_data_load.py:56} INFO - Loaded 1 records from data/daily_visits/date=2016-08-04/part-e1c130e9.json
[2025-11-01T03:58:34.871+0530] {bq_data_load.py:91} INFO - 📤 Loading 1 rows into dish-second-course.analytics.daily_visits
[2025-11-01T03:58:40.498+0530] {bq_data_load.py:111} INFO - ✅ Successfully loaded 1 rows into dish-second-course.analytics.daily_visits
[2025-11-01T03:58:40.499+0530] {bq_data_load.py:56} INFO - Loaded 1 records from data/daily_visits/date=2016-08-04/part-f7470b94.json
[2025-11-01T03:58:40.499+0530] {bq_data_load.py:91} INFO - 📤 Loading 1 rows into dish-second-course.analytics.daily_visits
[2025-11-01T03:58:52.374+0530] {bq_data_load.py:111} INFO - ✅ Successfully loaded 1 rows into dish-second-course.analytics.daily_visits
[2025-11-01T03:58:52.376+0530] {bq_data_load.py:151} INFO - 📂 Processing directory: data/daily_visits/date=2016-08-05
[2025-11-01T03:58:52.376+0530] {bq_data_load.py:56} INFO - Loaded 1 records from data/daily_visits/date=2016-08-05/part-8595a8cf.json
[2025-11-01T03:58:52.377+0530] {bq_data_load.py:91} INFO - 📤 Loading 1 rows into dish-second-course.analytics.daily_visits
[2025-11-01T03:58:57.803+0530] {bq_data_load.py:111} INFO - ✅ Successfully loaded 1 rows into dish-second-course.analytics.daily_visits
[2025-11-01T03:58:57.804+0530] {bq_data_load.py:56} INFO - Loaded 1 records from data/daily_visits/date=2016-08-05/part-e519bc56.json
[2025-11-01T03:58:57.806+0530] {bq_data_load.py:91} INFO - 📤 Loading 1 rows into dish-second-course.analytics.daily_visits
[2025-11-01T03:59:03.231+0530] {bq_data_load.py:111} INFO - ✅ Successfully loaded 1 rows into dish-second-course.analytics.daily_visits
[2025-11-01T03:59:03.232+0530] {bq_data_load.py:56} INFO - Loaded 1 records from data/daily_visits/date=2016-08-05/part-1824a66d.json
[2025-11-01T03:59:03.233+0530] {bq_data_load.py:91} INFO - 📤 Loading 1 rows into dish-second-course.analytics.daily_visits
[2025-11-01T03:59:08.693+0530] {bq_data_load.py:111} INFO - ✅ Successfully loaded 1 rows into dish-second-course.analytics.daily_visits
[2025-11-01T03:59:08.694+0530] {bq_data_load.py:151} INFO - 📂 Processing directory: data/daily_visits/date=2016-08-06
[2025-11-01T03:59:08.695+0530] {bq_data_load.py:56} INFO - Loaded 1 records from data/daily_visits/date=2016-08-06/part-499f6b11.json
[2025-11-01T03:59:08.696+0530] {bq_data_load.py:91} INFO - 📤 Loading 1 rows into dish-second-course.analytics.daily_visits
[2025-11-01T03:59:25.364+0530] {bq_data_load.py:111} INFO - ✅ Successfully loaded 1 rows into dish-second-course.analytics.daily_visits
[2025-11-01T03:59:25.365+0530] {bq_data_load.py:56} INFO - Loaded 1 records from data/daily_visits/date=2016-08-06/part-260f9196.json
[2025-11-01T03:59:25.366+0530] {bq_data_load.py:91} INFO - 📤 Loading 1 rows into dish-second-course.analytics.daily_visits
[2025-11-01T03:59:32.295+0530] {bq_data_load.py:111} INFO - ✅ Successfully loaded 1 rows into dish-second-course.analytics.daily_visits
[2025-11-01T03:59:32.296+0530] {bq_data_load.py:56} INFO - Loaded 1 records from data/daily_visits/date=2016-08-06/part-6f523a26.json
[2025-11-01T03:59:32.296+0530] {bq_data_load.py:91} INFO - 📤 Loading 1 rows into dish-second-course.analytics.daily_visits
[2025-11-01T03:59:37.586+0530] {bq_data_load.py:111} INFO - ✅ Successfully loaded 1 rows into dish-second-course.analytics.daily_visits
[2025-11-01T03:59:37.587+0530] {bq_data_load.py:151} INFO - 📂 Processing directory: data/daily_visits/date=2016-08-07
[2025-11-01T03:59:37.588+0530] {bq_data_load.py:56} INFO - Loaded 1 records from data/daily_visits/date=2016-08-07/part-8027adc3.json
[2025-11-01T03:59:37.589+0530] {bq_data_load.py:91} INFO - 📤 Loading 1 rows into dish-second-course.analytics.daily_visits
[2025-11-01T03:59:43.801+0530] {bq_data_load.py:111} INFO - ✅ Successfully loaded 1 rows into dish-second-course.analytics.daily_visits
[2025-11-01T03:59:43.802+0530] {bq_data_load.py:56} INFO - Loaded 1 records from data/daily_visits/date=2016-08-07/part-3142c0fb.json
[2025-11-01T03:59:43.802+0530] {bq_data_load.py:91} INFO - 📤 Loading 1 rows into dish-second-course.analytics.daily_visits
[2025-11-01T03:59:50.171+0530] {bq_data_load.py:111} INFO - ✅ Successfully loaded 1 rows into dish-second-course.analytics.daily_visits
[2025-11-01T03:59:50.172+0530] {bq_data_load.py:56} INFO - Loaded 1 records from data/daily_visits/date=2016-08-07/part-d033137d.json
[2025-11-01T03:59:50.172+0530] {bq_data_load.py:91} INFO - 📤 Loading 1 rows into dish-second-course.analytics.daily_visits
[2025-11-01T03:59:55.279+0530] {bq_data_load.py:111} INFO - ✅ Successfully loaded 1 rows into dish-second-course.analytics.daily_visits
[2025-11-01T03:59:55.280+0530] {bq_data_load.py:151} INFO - 📂 Processing directory: data/daily_visits/date=2016-08-08
[2025-11-01T03:59:55.281+0530] {bq_data_load.py:56} INFO - Loaded 1 records from data/daily_visits/date=2016-08-08/part-a7cfc10a.json
[2025-11-01T03:59:55.282+0530] {bq_data_load.py:91} INFO - 📤 Loading 1 rows into dish-second-course.analytics.daily_visits
[2025-11-01T04:00:09.591+0530] {bq_data_load.py:111} INFO - ✅ Successfully loaded 1 rows into dish-second-course.analytics.daily_visits
[2025-11-01T04:00:09.594+0530] {bq_data_load.py:56} INFO - Loaded 1 records from data/daily_visits/date=2016-08-08/part-7fb2799c.json
[2025-11-01T04:00:09.595+0530] {bq_data_load.py:91} INFO - 📤 Loading 1 rows into dish-second-course.analytics.daily_visits
[2025-11-01T04:00:15.118+0530] {bq_data_load.py:111} INFO - ✅ Successfully loaded 1 rows into dish-second-course.analytics.daily_visits
[2025-11-01T04:00:15.119+0530] {bq_data_load.py:56} INFO - Loaded 1 records from data/daily_visits/date=2016-08-08/part-ba9eed32.json
[2025-11-01T04:00:15.120+0530] {bq_data_load.py:91} INFO - 📤 Loading 1 rows into dish-second-course.analytics.daily_visits
[2025-11-01T04:00:27.720+0530] {bq_data_load.py:111} INFO - ✅ Successfully loaded 1 rows into dish-second-course.analytics.daily_visits
[2025-11-01T04:00:27.721+0530] {bq_data_load.py:151} INFO - 📂 Processing directory: data/daily_visits/date=2016-08-09
[2025-11-01T04:00:27.722+0530] {bq_data_load.py:56} INFO - Loaded 1 records from data/daily_visits/date=2016-08-09/part-f0473592.json
[2025-11-01T04:00:27.722+0530] {bq_data_load.py:91} INFO - 📤 Loading 1 rows into dish-second-course.analytics.daily_visits
[2025-11-01T04:00:32.859+0530] {bq_data_load.py:111} INFO - ✅ Successfully loaded 1 rows into dish-second-course.analytics.daily_visits
[2025-11-01T04:00:32.860+0530] {python.py:240} INFO - Done. Returned value was: None
[2025-11-01T04:00:32.875+0530] {taskinstance.py:340} INFO - ::group::Post task execution logs
[2025-11-01T04:00:32.876+0530] {taskinstance.py:352} INFO - Marking task as SUCCESS. dag_id=etl_google_analytics_dag, task_id=daily_visits_bq_ingestion, run_id=scheduled__2016-08-10T18:00:00+00:00, execution_date=20160810T180000, start_date=20251031T222811, end_date=20251031T223032
[2025-11-01T04:00:32.990+0530] {local_task_job_runner.py:266} INFO - Task exited with return code 0
[2025-11-01T04:00:33.048+0530] {taskinstance.py:3895} INFO - 1 downstream tasks scheduled from follow-on schedule check
[2025-11-01T04:00:33.070+0530] {local_task_job_runner.py:245} INFO - ::endgroup::
