[2025-11-01T04:22:48.997+0530] {local_task_job_runner.py:123} INFO - ::group::Pre task execution logs
[2025-11-01T04:22:49.010+0530] {taskinstance.py:2613} INFO - Dependencies all met for dep_context=non-requeueable deps ti=<TaskInstance: etl_google_analytics_dag.daily_visits_bq_ingestion scheduled__2016-08-10T18:00:00+00:00 [queued]>
[2025-11-01T04:22:49.020+0530] {taskinstance.py:2613} INFO - Dependencies all met for dep_context=requeueable deps ti=<TaskInstance: etl_google_analytics_dag.daily_visits_bq_ingestion scheduled__2016-08-10T18:00:00+00:00 [queued]>
[2025-11-01T04:22:49.021+0530] {taskinstance.py:2866} INFO - Starting attempt 3 of 5
[2025-11-01T04:22:49.047+0530] {taskinstance.py:2889} INFO - Executing <Task(PythonOperator): daily_visits_bq_ingestion> on 2016-08-10 18:00:00+00:00
[2025-11-01T04:22:49.052+0530] {standard_task_runner.py:72} INFO - Started process 154384 to run task
[2025-11-01T04:22:49.061+0530] {standard_task_runner.py:104} INFO - Running: ['airflow', 'tasks', 'run', 'etl_google_analytics_dag', 'daily_visits_bq_ingestion', 'scheduled__2016-08-10T18:00:00+00:00', '--job-id', '28', '--raw', '--subdir', 'DAGS_FOLDER/etl_google_analytics_dag.py', '--cfg-path', '/tmp/tmp1ynonr3p']
[2025-11-01T04:22:49.064+0530] {standard_task_runner.py:105} INFO - Job 28: Subtask daily_visits_bq_ingestion
[2025-11-01T04:22:49.254+0530] {task_command.py:467} INFO - Running <TaskInstance: etl_google_analytics_dag.daily_visits_bq_ingestion scheduled__2016-08-10T18:00:00+00:00 [running]> on host Abhijit.
[2025-11-01T04:22:50.927+0530] {taskinstance.py:3132} INFO - Exporting env vars: AIRFLOW_CTX_DAG_OWNER='airflow' AIRFLOW_CTX_DAG_ID='etl_google_analytics_dag' AIRFLOW_CTX_TASK_ID='daily_visits_bq_ingestion' AIRFLOW_CTX_EXECUTION_DATE='2016-08-10T18:00:00+00:00' AIRFLOW_CTX_TRY_NUMBER='3' AIRFLOW_CTX_DAG_RUN_ID='scheduled__2016-08-10T18:00:00+00:00'
[2025-11-01T04:22:50.943+0530] {taskinstance.py:731} INFO - ::endgroup::
[2025-11-01T04:22:51.432+0530] {bq_data_load.py:151} INFO - 📂 Processing directory: data/daily_visits/date=2016-08-03
[2025-11-01T04:22:51.434+0530] {bq_data_load.py:56} INFO - Loaded 1 records from data/daily_visits/date=2016-08-03/part-4c150bb5.json
[2025-11-01T04:22:51.434+0530] {bq_data_load.py:91} INFO - 📤 Loading 1 rows into dish-second-course.analytics.daily_visits
[2025-11-01T04:22:58.276+0530] {bq_data_load.py:111} INFO - ✅ Successfully loaded 1 rows into dish-second-course.analytics.daily_visits
[2025-11-01T04:22:58.278+0530] {bq_data_load.py:56} INFO - Loaded 1 records from data/daily_visits/date=2016-08-03/part-0dd72e78.json
[2025-11-01T04:22:58.279+0530] {bq_data_load.py:91} INFO - 📤 Loading 1 rows into dish-second-course.analytics.daily_visits
[2025-11-01T04:23:02.885+0530] {bq_data_load.py:111} INFO - ✅ Successfully loaded 1 rows into dish-second-course.analytics.daily_visits
[2025-11-01T04:23:02.888+0530] {bq_data_load.py:56} INFO - Loaded 1 records from data/daily_visits/date=2016-08-03/part-16a405fa.json
[2025-11-01T04:23:02.888+0530] {bq_data_load.py:91} INFO - 📤 Loading 1 rows into dish-second-course.analytics.daily_visits
[2025-11-01T04:23:07.111+0530] {bq_data_load.py:111} INFO - ✅ Successfully loaded 1 rows into dish-second-course.analytics.daily_visits
[2025-11-01T04:23:07.112+0530] {bq_data_load.py:151} INFO - 📂 Processing directory: data/daily_visits/date=2016-08-04
[2025-11-01T04:23:07.158+0530] {bq_data_load.py:56} INFO - Loaded 1 records from data/daily_visits/date=2016-08-04/part-9275c5e9.json
[2025-11-01T04:23:07.158+0530] {bq_data_load.py:91} INFO - 📤 Loading 1 rows into dish-second-course.analytics.daily_visits
[2025-11-01T04:23:14.093+0530] {bq_data_load.py:111} INFO - ✅ Successfully loaded 1 rows into dish-second-course.analytics.daily_visits
[2025-11-01T04:23:14.144+0530] {bq_data_load.py:56} INFO - Loaded 1 records from data/daily_visits/date=2016-08-04/part-e1c130e9.json
[2025-11-01T04:23:14.144+0530] {bq_data_load.py:91} INFO - 📤 Loading 1 rows into dish-second-course.analytics.daily_visits
[2025-11-01T04:23:19.730+0530] {bq_data_load.py:111} INFO - ✅ Successfully loaded 1 rows into dish-second-course.analytics.daily_visits
[2025-11-01T04:23:19.731+0530] {bq_data_load.py:56} INFO - Loaded 1 records from data/daily_visits/date=2016-08-04/part-f7470b94.json
[2025-11-01T04:23:19.732+0530] {bq_data_load.py:91} INFO - 📤 Loading 1 rows into dish-second-course.analytics.daily_visits
[2025-11-01T04:23:25.402+0530] {bq_data_load.py:111} INFO - ✅ Successfully loaded 1 rows into dish-second-course.analytics.daily_visits
[2025-11-01T04:23:25.403+0530] {bq_data_load.py:151} INFO - 📂 Processing directory: data/daily_visits/date=2016-08-05
[2025-11-01T04:23:25.404+0530] {bq_data_load.py:56} INFO - Loaded 1 records from data/daily_visits/date=2016-08-05/part-8595a8cf.json
[2025-11-01T04:23:25.405+0530] {bq_data_load.py:91} INFO - 📤 Loading 1 rows into dish-second-course.analytics.daily_visits
[2025-11-01T04:23:41.031+0530] {bq_data_load.py:111} INFO - ✅ Successfully loaded 1 rows into dish-second-course.analytics.daily_visits
[2025-11-01T04:23:41.039+0530] {bq_data_load.py:56} INFO - Loaded 1 records from data/daily_visits/date=2016-08-05/part-e519bc56.json
[2025-11-01T04:23:41.039+0530] {bq_data_load.py:91} INFO - 📤 Loading 1 rows into dish-second-course.analytics.daily_visits
[2025-11-01T04:23:45.394+0530] {bq_data_load.py:111} INFO - ✅ Successfully loaded 1 rows into dish-second-course.analytics.daily_visits
[2025-11-01T04:23:45.395+0530] {bq_data_load.py:56} INFO - Loaded 1 records from data/daily_visits/date=2016-08-05/part-1824a66d.json
[2025-11-01T04:23:45.395+0530] {bq_data_load.py:91} INFO - 📤 Loading 1 rows into dish-second-course.analytics.daily_visits
[2025-11-01T04:23:51.012+0530] {bq_data_load.py:111} INFO - ✅ Successfully loaded 1 rows into dish-second-course.analytics.daily_visits
[2025-11-01T04:23:51.012+0530] {bq_data_load.py:151} INFO - 📂 Processing directory: data/daily_visits/date=2016-08-06
[2025-11-01T04:23:51.013+0530] {bq_data_load.py:56} INFO - Loaded 1 records from data/daily_visits/date=2016-08-06/part-499f6b11.json
[2025-11-01T04:23:51.014+0530] {bq_data_load.py:91} INFO - 📤 Loading 1 rows into dish-second-course.analytics.daily_visits
[2025-11-01T04:23:57.672+0530] {bq_data_load.py:111} INFO - ✅ Successfully loaded 1 rows into dish-second-course.analytics.daily_visits
[2025-11-01T04:23:57.673+0530] {bq_data_load.py:56} INFO - Loaded 1 records from data/daily_visits/date=2016-08-06/part-260f9196.json
[2025-11-01T04:23:57.674+0530] {bq_data_load.py:91} INFO - 📤 Loading 1 rows into dish-second-course.analytics.daily_visits
[2025-11-01T04:24:01.284+0530] {bq_data_load.py:111} INFO - ✅ Successfully loaded 1 rows into dish-second-course.analytics.daily_visits
[2025-11-01T04:24:01.306+0530] {bq_data_load.py:56} INFO - Loaded 1 records from data/daily_visits/date=2016-08-06/part-6f523a26.json
[2025-11-01T04:24:01.307+0530] {bq_data_load.py:91} INFO - 📤 Loading 1 rows into dish-second-course.analytics.daily_visits
[2025-11-01T04:24:06.941+0530] {bq_data_load.py:111} INFO - ✅ Successfully loaded 1 rows into dish-second-course.analytics.daily_visits
[2025-11-01T04:24:06.942+0530] {bq_data_load.py:151} INFO - 📂 Processing directory: data/daily_visits/date=2016-08-07
[2025-11-01T04:24:06.979+0530] {bq_data_load.py:56} INFO - Loaded 1 records from data/daily_visits/date=2016-08-07/part-8027adc3.json
[2025-11-01T04:24:06.980+0530] {bq_data_load.py:91} INFO - 📤 Loading 1 rows into dish-second-course.analytics.daily_visits
[2025-11-01T04:24:13.586+0530] {bq_data_load.py:111} INFO - ✅ Successfully loaded 1 rows into dish-second-course.analytics.daily_visits
[2025-11-01T04:24:13.588+0530] {bq_data_load.py:56} INFO - Loaded 1 records from data/daily_visits/date=2016-08-07/part-3142c0fb.json
[2025-11-01T04:24:13.588+0530] {bq_data_load.py:91} INFO - 📤 Loading 1 rows into dish-second-course.analytics.daily_visits
[2025-11-01T04:24:28.443+0530] {bq_data_load.py:111} INFO - ✅ Successfully loaded 1 rows into dish-second-course.analytics.daily_visits
[2025-11-01T04:24:28.444+0530] {bq_data_load.py:56} INFO - Loaded 1 records from data/daily_visits/date=2016-08-07/part-d033137d.json
[2025-11-01T04:24:28.445+0530] {bq_data_load.py:91} INFO - 📤 Loading 1 rows into dish-second-course.analytics.daily_visits
[2025-11-01T04:24:40.023+0530] {bq_data_load.py:111} INFO - ✅ Successfully loaded 1 rows into dish-second-course.analytics.daily_visits
[2025-11-01T04:24:40.024+0530] {bq_data_load.py:151} INFO - 📂 Processing directory: data/daily_visits/date=2016-08-08
[2025-11-01T04:24:40.070+0530] {bq_data_load.py:56} INFO - Loaded 1 records from data/daily_visits/date=2016-08-08/part-a7cfc10a.json
[2025-11-01T04:24:40.070+0530] {bq_data_load.py:91} INFO - 📤 Loading 1 rows into dish-second-course.analytics.daily_visits
[2025-11-01T04:24:52.916+0530] {bq_data_load.py:111} INFO - ✅ Successfully loaded 1 rows into dish-second-course.analytics.daily_visits
[2025-11-01T04:24:52.917+0530] {bq_data_load.py:56} INFO - Loaded 1 records from data/daily_visits/date=2016-08-08/part-7fb2799c.json
[2025-11-01T04:24:52.917+0530] {bq_data_load.py:91} INFO - 📤 Loading 1 rows into dish-second-course.analytics.daily_visits
[2025-11-01T04:24:58.087+0530] {bq_data_load.py:111} INFO - ✅ Successfully loaded 1 rows into dish-second-course.analytics.daily_visits
[2025-11-01T04:24:58.089+0530] {bq_data_load.py:56} INFO - Loaded 1 records from data/daily_visits/date=2016-08-08/part-ba9eed32.json
[2025-11-01T04:24:58.089+0530] {bq_data_load.py:91} INFO - 📤 Loading 1 rows into dish-second-course.analytics.daily_visits
[2025-11-01T04:25:03.367+0530] {bq_data_load.py:111} INFO - ✅ Successfully loaded 1 rows into dish-second-course.analytics.daily_visits
[2025-11-01T04:25:03.367+0530] {bq_data_load.py:151} INFO - 📂 Processing directory: data/daily_visits/date=2016-08-09
[2025-11-01T04:25:03.403+0530] {bq_data_load.py:56} INFO - Loaded 1 records from data/daily_visits/date=2016-08-09/part-f0473592.json
[2025-11-01T04:25:03.403+0530] {bq_data_load.py:91} INFO - 📤 Loading 1 rows into dish-second-course.analytics.daily_visits
[2025-11-01T04:25:08.941+0530] {bq_data_load.py:111} INFO - ✅ Successfully loaded 1 rows into dish-second-course.analytics.daily_visits
[2025-11-01T04:25:08.943+0530] {python.py:240} INFO - Done. Returned value was: None
[2025-11-01T04:25:08.991+0530] {taskinstance.py:340} INFO - ::group::Post task execution logs
[2025-11-01T04:25:08.992+0530] {taskinstance.py:352} INFO - Marking task as SUCCESS. dag_id=etl_google_analytics_dag, task_id=daily_visits_bq_ingestion, run_id=scheduled__2016-08-10T18:00:00+00:00, execution_date=20160810T180000, start_date=20251031T225249, end_date=20251031T225508
[2025-11-01T04:25:09.102+0530] {local_task_job_runner.py:266} INFO - Task exited with return code 0
[2025-11-01T04:25:09.126+0530] {taskinstance.py:3895} INFO - 0 downstream tasks scheduled from follow-on schedule check
[2025-11-01T04:25:09.127+0530] {local_task_job_runner.py:245} INFO - ::endgroup::
