[2025-11-01T04:13:38.160+0530] {local_task_job_runner.py:123} INFO - ::group::Pre task execution logs
[2025-11-01T04:13:38.169+0530] {taskinstance.py:2613} INFO - Dependencies all met for dep_context=non-requeueable deps ti=<TaskInstance: etl_google_analytics_dag.ga_sessions_bq_ingestion scheduled__2016-08-17T18:00:00+00:00 [queued]>
[2025-11-01T04:13:38.175+0530] {taskinstance.py:2613} INFO - Dependencies all met for dep_context=requeueable deps ti=<TaskInstance: etl_google_analytics_dag.ga_sessions_bq_ingestion scheduled__2016-08-17T18:00:00+00:00 [queued]>
[2025-11-01T04:13:38.175+0530] {taskinstance.py:2866} INFO - Starting attempt 1 of 3
[2025-11-01T04:13:38.200+0530] {taskinstance.py:2889} INFO - Executing <Task(PythonOperator): ga_sessions_bq_ingestion> on 2016-08-17 18:00:00+00:00
[2025-11-01T04:13:38.203+0530] {standard_task_runner.py:72} INFO - Started process 150804 to run task
[2025-11-01T04:13:38.206+0530] {standard_task_runner.py:104} INFO - Running: ['airflow', 'tasks', 'run', 'etl_google_analytics_dag', 'ga_sessions_bq_ingestion', 'scheduled__2016-08-17T18:00:00+00:00', '--job-id', '25', '--raw', '--subdir', 'DAGS_FOLDER/etl_google_analytics_dag.py', '--cfg-path', '/tmp/tmp15_0qln4']
[2025-11-01T04:13:38.208+0530] {standard_task_runner.py:105} INFO - Job 25: Subtask ga_sessions_bq_ingestion
[2025-11-01T04:13:38.251+0530] {task_command.py:467} INFO - Running <TaskInstance: etl_google_analytics_dag.ga_sessions_bq_ingestion scheduled__2016-08-17T18:00:00+00:00 [running]> on host Abhijit.
[2025-11-01T04:13:38.328+0530] {taskinstance.py:3132} INFO - Exporting env vars: AIRFLOW_CTX_DAG_OWNER='airflow' AIRFLOW_CTX_DAG_ID='etl_google_analytics_dag' AIRFLOW_CTX_TASK_ID='ga_sessions_bq_ingestion' AIRFLOW_CTX_EXECUTION_DATE='2016-08-17T18:00:00+00:00' AIRFLOW_CTX_TRY_NUMBER='1' AIRFLOW_CTX_DAG_RUN_ID='scheduled__2016-08-17T18:00:00+00:00'
[2025-11-01T04:13:38.329+0530] {taskinstance.py:731} INFO - ::endgroup::
[2025-11-01T04:13:38.383+0530] {bq_data_load.py:151} INFO - 📂 Processing directory: data/ga_sessions/date=20160810
[2025-11-01T04:13:38.516+0530] {bq_data_load.py:56} INFO - Loaded 2757 records from data/ga_sessions/date=20160810/part-591e3842.json
[2025-11-01T04:13:38.539+0530] {bq_data_load.py:91} INFO - 📤 Loading 2757 rows into dish-second-course.analytics.ga_sessions
[2025-11-01T04:13:45.349+0530] {bq_data_load.py:111} INFO - ✅ Successfully loaded 2757 rows into dish-second-course.analytics.ga_sessions
[2025-11-01T04:13:45.349+0530] {bq_data_load.py:168} INFO - ⏭️ No directories found for date 2016-08-11
[2025-11-01T04:13:45.350+0530] {bq_data_load.py:168} INFO - ⏭️ No directories found for date 2016-08-12
[2025-11-01T04:13:45.350+0530] {bq_data_load.py:168} INFO - ⏭️ No directories found for date 2016-08-13
[2025-11-01T04:13:45.350+0530] {bq_data_load.py:168} INFO - ⏭️ No directories found for date 2016-08-14
[2025-11-01T04:13:45.350+0530] {bq_data_load.py:168} INFO - ⏭️ No directories found for date 2016-08-15
[2025-11-01T04:13:45.350+0530] {bq_data_load.py:168} INFO - ⏭️ No directories found for date 2016-08-16
[2025-11-01T04:13:45.350+0530] {python.py:240} INFO - Done. Returned value was: None
[2025-11-01T04:13:45.361+0530] {taskinstance.py:340} INFO - ::group::Post task execution logs
[2025-11-01T04:13:45.361+0530] {taskinstance.py:352} INFO - Marking task as SUCCESS. dag_id=etl_google_analytics_dag, task_id=ga_sessions_bq_ingestion, run_id=scheduled__2016-08-17T18:00:00+00:00, execution_date=20160817T180000, start_date=20251031T224338, end_date=20251031T224345
[2025-11-01T04:13:45.410+0530] {local_task_job_runner.py:266} INFO - Task exited with return code 0
[2025-11-01T04:13:45.417+0530] {taskinstance.py:3895} INFO - 0 downstream tasks scheduled from follow-on schedule check
[2025-11-01T04:13:45.418+0530] {local_task_job_runner.py:245} INFO - ::endgroup::
