[2025-11-01T03:49:21.117+0530] {local_task_job_runner.py:123} INFO - ::group::Pre task execution logs
[2025-11-01T03:49:21.130+0530] {taskinstance.py:2613} INFO - Dependencies all met for dep_context=non-requeueable deps ti=<TaskInstance: etl_google_analytics_dag.daily_visits_data_extration scheduled__2016-08-10T18:00:00+00:00 [queued]>
[2025-11-01T03:49:21.141+0530] {taskinstance.py:2613} INFO - Dependencies all met for dep_context=requeueable deps ti=<TaskInstance: etl_google_analytics_dag.daily_visits_data_extration scheduled__2016-08-10T18:00:00+00:00 [queued]>
[2025-11-01T03:49:21.142+0530] {taskinstance.py:2866} INFO - Starting attempt 1 of 3
[2025-11-01T03:49:21.176+0530] {taskinstance.py:2889} INFO - Executing <Task(PythonOperator): daily_visits_data_extration> on 2016-08-10 18:00:00+00:00
[2025-11-01T03:49:21.180+0530] {standard_task_runner.py:72} INFO - Started process 130173 to run task
[2025-11-01T03:49:21.187+0530] {standard_task_runner.py:104} INFO - Running: ['airflow', 'tasks', 'run', 'etl_google_analytics_dag', 'daily_visits_data_extration', 'scheduled__2016-08-10T18:00:00+00:00', '--job-id', '4', '--raw', '--subdir', 'DAGS_FOLDER/etl_google_analytics_dag.py', '--cfg-path', '/tmp/tmpvfelcc7a']
[2025-11-01T03:49:21.191+0530] {standard_task_runner.py:105} INFO - Job 4: Subtask daily_visits_data_extration
[2025-11-01T03:49:21.270+0530] {task_command.py:467} INFO - Running <TaskInstance: etl_google_analytics_dag.daily_visits_data_extration scheduled__2016-08-10T18:00:00+00:00 [running]> on host Abhijit.
[2025-11-01T03:49:21.379+0530] {taskinstance.py:3132} INFO - Exporting env vars: AIRFLOW_CTX_DAG_OWNER='airflow' AIRFLOW_CTX_DAG_ID='etl_google_analytics_dag' AIRFLOW_CTX_TASK_ID='daily_visits_data_extration' AIRFLOW_CTX_EXECUTION_DATE='2016-08-10T18:00:00+00:00' AIRFLOW_CTX_TRY_NUMBER='1' AIRFLOW_CTX_DAG_RUN_ID='scheduled__2016-08-10T18:00:00+00:00'
[2025-11-01T03:49:21.381+0530] {taskinstance.py:731} INFO - ::endgroup::
[2025-11-01T03:49:21.397+0530] {data_extractor.py:130} INFO - Starting Daily Visits extraction from 2016-08-03 to 2016-08-09
[2025-11-01T03:49:21.397+0530] {data_extractor.py:136} INFO - Fetching Daily Visits for date 2016-08-03...
[2025-11-01T03:49:21.397+0530] {data_extractor.py:85} INFO - Fetching page 1 with params: {'start_date': '2016-08-03', 'end_date': '2016-08-03'}
[2025-11-01T03:49:24.060+0530] {api_client.py:61} INFO - Fetched 1 daily visits.
[2025-11-01T03:49:24.061+0530] {data_extractor.py:98} INFO - Fetched 1 records (total so far: 1).
[2025-11-01T03:49:24.061+0530] {data_extractor.py:101} INFO - Last page reached for params: {'start_date': '2016-08-03', 'end_date': '2016-08-03'}
[2025-11-01T03:49:24.063+0530] {data_extractor.py:64} INFO - Saved 1 records to data/daily_visits/date=2016-08-03/part-4c150bb5.json
[2025-11-01T03:49:24.064+0530] {data_extractor.py:136} INFO - Fetching Daily Visits for date 2016-08-04...
[2025-11-01T03:49:24.065+0530] {data_extractor.py:85} INFO - Fetching page 1 with params: {'start_date': '2016-08-04', 'end_date': '2016-08-04'}
[2025-11-01T03:49:26.892+0530] {api_client.py:61} INFO - Fetched 1 daily visits.
[2025-11-01T03:49:26.893+0530] {data_extractor.py:98} INFO - Fetched 1 records (total so far: 1).
[2025-11-01T03:49:26.893+0530] {data_extractor.py:101} INFO - Last page reached for params: {'start_date': '2016-08-04', 'end_date': '2016-08-04'}
[2025-11-01T03:49:26.894+0530] {data_extractor.py:64} INFO - Saved 1 records to data/daily_visits/date=2016-08-04/part-f7470b94.json
[2025-11-01T03:49:26.894+0530] {data_extractor.py:136} INFO - Fetching Daily Visits for date 2016-08-05...
[2025-11-01T03:49:26.895+0530] {data_extractor.py:85} INFO - Fetching page 1 with params: {'start_date': '2016-08-05', 'end_date': '2016-08-05'}
[2025-11-01T03:49:29.172+0530] {api_client.py:61} INFO - Fetched 1 daily visits.
[2025-11-01T03:49:29.172+0530] {data_extractor.py:98} INFO - Fetched 1 records (total so far: 1).
[2025-11-01T03:49:29.173+0530] {data_extractor.py:101} INFO - Last page reached for params: {'start_date': '2016-08-05', 'end_date': '2016-08-05'}
[2025-11-01T03:49:29.174+0530] {data_extractor.py:64} INFO - Saved 1 records to data/daily_visits/date=2016-08-05/part-e519bc56.json
[2025-11-01T03:49:29.174+0530] {data_extractor.py:136} INFO - Fetching Daily Visits for date 2016-08-06...
[2025-11-01T03:49:29.175+0530] {data_extractor.py:85} INFO - Fetching page 1 with params: {'start_date': '2016-08-06', 'end_date': '2016-08-06'}
[2025-11-01T03:49:31.424+0530] {api_client.py:61} INFO - Fetched 1 daily visits.
[2025-11-01T03:49:31.424+0530] {data_extractor.py:98} INFO - Fetched 1 records (total so far: 1).
[2025-11-01T03:49:31.425+0530] {data_extractor.py:101} INFO - Last page reached for params: {'start_date': '2016-08-06', 'end_date': '2016-08-06'}
[2025-11-01T03:49:31.426+0530] {data_extractor.py:64} INFO - Saved 1 records to data/daily_visits/date=2016-08-06/part-6f523a26.json
[2025-11-01T03:49:31.426+0530] {data_extractor.py:136} INFO - Fetching Daily Visits for date 2016-08-07...
[2025-11-01T03:49:31.427+0530] {data_extractor.py:85} INFO - Fetching page 1 with params: {'start_date': '2016-08-07', 'end_date': '2016-08-07'}
[2025-11-01T03:49:33.790+0530] {api_client.py:61} INFO - Fetched 1 daily visits.
[2025-11-01T03:49:33.790+0530] {data_extractor.py:98} INFO - Fetched 1 records (total so far: 1).
[2025-11-01T03:49:33.791+0530] {data_extractor.py:101} INFO - Last page reached for params: {'start_date': '2016-08-07', 'end_date': '2016-08-07'}
[2025-11-01T03:49:33.791+0530] {data_extractor.py:64} INFO - Saved 1 records to data/daily_visits/date=2016-08-07/part-d033137d.json
[2025-11-01T03:49:33.792+0530] {data_extractor.py:136} INFO - Fetching Daily Visits for date 2016-08-08...
[2025-11-01T03:49:33.792+0530] {data_extractor.py:85} INFO - Fetching page 1 with params: {'start_date': '2016-08-08', 'end_date': '2016-08-08'}
[2025-11-01T03:49:36.548+0530] {api_client.py:61} INFO - Fetched 1 daily visits.
[2025-11-01T03:49:36.549+0530] {data_extractor.py:98} INFO - Fetched 1 records (total so far: 1).
[2025-11-01T03:49:36.549+0530] {data_extractor.py:101} INFO - Last page reached for params: {'start_date': '2016-08-08', 'end_date': '2016-08-08'}
[2025-11-01T03:49:36.551+0530] {data_extractor.py:64} INFO - Saved 1 records to data/daily_visits/date=2016-08-08/part-7fb2799c.json
[2025-11-01T03:49:36.552+0530] {data_extractor.py:157} INFO - ✅ Completed Daily Visits extraction for all dates.
[2025-11-01T03:49:36.553+0530] {python.py:240} INFO - Done. Returned value was: None
[2025-11-01T03:49:36.564+0530] {taskinstance.py:340} INFO - ::group::Post task execution logs
[2025-11-01T03:49:36.565+0530] {taskinstance.py:352} INFO - Marking task as SUCCESS. dag_id=etl_google_analytics_dag, task_id=daily_visits_data_extration, run_id=scheduled__2016-08-10T18:00:00+00:00, execution_date=20160810T180000, start_date=20251031T221921, end_date=20251031T221936
[2025-11-01T03:49:36.612+0530] {local_task_job_runner.py:266} INFO - Task exited with return code 0
[2025-11-01T03:49:36.639+0530] {taskinstance.py:3895} INFO - 1 downstream tasks scheduled from follow-on schedule check
[2025-11-01T03:49:36.658+0530] {local_task_job_runner.py:245} INFO - ::endgroup::
