[2025-11-01T03:52:12.502+0530] {local_task_job_runner.py:123} INFO - ::group::Pre task execution logs
[2025-11-01T03:52:12.515+0530] {taskinstance.py:2613} INFO - Dependencies all met for dep_context=non-requeueable deps ti=<TaskInstance: etl_google_analytics_dag.daily_visits_data_extration scheduled__2016-08-17T18:00:00+00:00 [queued]>
[2025-11-01T03:52:12.525+0530] {taskinstance.py:2613} INFO - Dependencies all met for dep_context=requeueable deps ti=<TaskInstance: etl_google_analytics_dag.daily_visits_data_extration scheduled__2016-08-17T18:00:00+00:00 [queued]>
[2025-11-01T03:52:12.525+0530] {taskinstance.py:2866} INFO - Starting attempt 1 of 3
[2025-11-01T03:52:12.558+0530] {taskinstance.py:2889} INFO - Executing <Task(PythonOperator): daily_visits_data_extration> on 2016-08-17 18:00:00+00:00
[2025-11-01T03:52:12.562+0530] {standard_task_runner.py:72} INFO - Started process 131681 to run task
[2025-11-01T03:52:12.630+0530] {standard_task_runner.py:104} INFO - Running: ['airflow', 'tasks', 'run', 'etl_google_analytics_dag', 'daily_visits_data_extration', 'scheduled__2016-08-17T18:00:00+00:00', '--job-id', '8', '--raw', '--subdir', 'DAGS_FOLDER/etl_google_analytics_dag.py', '--cfg-path', '/tmp/tmp7k8aiv27']
[2025-11-01T03:52:12.651+0530] {standard_task_runner.py:105} INFO - Job 8: Subtask daily_visits_data_extration
[2025-11-01T03:52:12.933+0530] {task_command.py:467} INFO - Running <TaskInstance: etl_google_analytics_dag.daily_visits_data_extration scheduled__2016-08-17T18:00:00+00:00 [running]> on host Abhijit.
[2025-11-01T03:52:13.249+0530] {taskinstance.py:3132} INFO - Exporting env vars: AIRFLOW_CTX_DAG_OWNER='airflow' AIRFLOW_CTX_DAG_ID='etl_google_analytics_dag' AIRFLOW_CTX_TASK_ID='daily_visits_data_extration' AIRFLOW_CTX_EXECUTION_DATE='2016-08-17T18:00:00+00:00' AIRFLOW_CTX_TRY_NUMBER='1' AIRFLOW_CTX_DAG_RUN_ID='scheduled__2016-08-17T18:00:00+00:00'
[2025-11-01T03:52:13.258+0530] {taskinstance.py:731} INFO - ::endgroup::
[2025-11-01T03:52:13.320+0530] {data_extractor.py:130} INFO - Starting Daily Visits extraction from 2016-08-10 to 2016-08-16
[2025-11-01T03:52:13.326+0530] {data_extractor.py:136} INFO - Fetching Daily Visits for date 2016-08-10...
[2025-11-01T03:52:13.327+0530] {data_extractor.py:85} INFO - Fetching page 1 with params: {'start_date': '2016-08-10', 'end_date': '2016-08-10'}
[2025-11-01T03:52:15.986+0530] {api_client.py:61} INFO - Fetched 1 daily visits.
[2025-11-01T03:52:15.987+0530] {data_extractor.py:98} INFO - Fetched 1 records (total so far: 1).
[2025-11-01T03:52:15.988+0530] {data_extractor.py:101} INFO - Last page reached for params: {'start_date': '2016-08-10', 'end_date': '2016-08-10'}
[2025-11-01T03:52:15.990+0530] {data_extractor.py:64} INFO - Saved 1 records to data/daily_visits/date=2016-08-10/part-dfefce8e.json
[2025-11-01T03:52:15.991+0530] {data_extractor.py:136} INFO - Fetching Daily Visits for date 2016-08-11...
[2025-11-01T03:52:15.992+0530] {data_extractor.py:85} INFO - Fetching page 1 with params: {'start_date': '2016-08-11', 'end_date': '2016-08-11'}
[2025-11-01T03:52:18.646+0530] {api_client.py:61} INFO - Fetched 1 daily visits.
[2025-11-01T03:52:18.647+0530] {data_extractor.py:98} INFO - Fetched 1 records (total so far: 1).
[2025-11-01T03:52:18.650+0530] {data_extractor.py:101} INFO - Last page reached for params: {'start_date': '2016-08-11', 'end_date': '2016-08-11'}
[2025-11-01T03:52:18.651+0530] {data_extractor.py:64} INFO - Saved 1 records to data/daily_visits/date=2016-08-11/part-420364d9.json
[2025-11-01T03:52:18.652+0530] {data_extractor.py:136} INFO - Fetching Daily Visits for date 2016-08-12...
[2025-11-01T03:52:18.653+0530] {data_extractor.py:85} INFO - Fetching page 1 with params: {'start_date': '2016-08-12', 'end_date': '2016-08-12'}
[2025-11-01T03:52:21.409+0530] {api_client.py:61} INFO - Fetched 1 daily visits.
[2025-11-01T03:52:21.410+0530] {data_extractor.py:98} INFO - Fetched 1 records (total so far: 1).
[2025-11-01T03:52:21.410+0530] {data_extractor.py:101} INFO - Last page reached for params: {'start_date': '2016-08-12', 'end_date': '2016-08-12'}
[2025-11-01T03:52:21.411+0530] {data_extractor.py:64} INFO - Saved 1 records to data/daily_visits/date=2016-08-12/part-2663dda2.json
[2025-11-01T03:52:21.412+0530] {data_extractor.py:136} INFO - Fetching Daily Visits for date 2016-08-13...
[2025-11-01T03:52:21.412+0530] {data_extractor.py:85} INFO - Fetching page 1 with params: {'start_date': '2016-08-13', 'end_date': '2016-08-13'}
[2025-11-01T03:52:23.934+0530] {api_client.py:61} INFO - Fetched 1 daily visits.
[2025-11-01T03:52:23.935+0530] {data_extractor.py:98} INFO - Fetched 1 records (total so far: 1).
[2025-11-01T03:52:23.936+0530] {data_extractor.py:101} INFO - Last page reached for params: {'start_date': '2016-08-13', 'end_date': '2016-08-13'}
[2025-11-01T03:52:23.937+0530] {data_extractor.py:64} INFO - Saved 1 records to data/daily_visits/date=2016-08-13/part-0448f397.json
[2025-11-01T03:52:23.938+0530] {data_extractor.py:136} INFO - Fetching Daily Visits for date 2016-08-14...
[2025-11-01T03:52:23.938+0530] {data_extractor.py:85} INFO - Fetching page 1 with params: {'start_date': '2016-08-14', 'end_date': '2016-08-14'}
[2025-11-01T03:52:26.426+0530] {api_client.py:61} INFO - Fetched 1 daily visits.
[2025-11-01T03:52:26.427+0530] {data_extractor.py:98} INFO - Fetched 1 records (total so far: 1).
[2025-11-01T03:52:26.428+0530] {data_extractor.py:101} INFO - Last page reached for params: {'start_date': '2016-08-14', 'end_date': '2016-08-14'}
[2025-11-01T03:52:26.429+0530] {data_extractor.py:64} INFO - Saved 1 records to data/daily_visits/date=2016-08-14/part-53c9ce95.json
[2025-11-01T03:52:26.430+0530] {data_extractor.py:136} INFO - Fetching Daily Visits for date 2016-08-15...
[2025-11-01T03:52:26.430+0530] {data_extractor.py:85} INFO - Fetching page 1 with params: {'start_date': '2016-08-15', 'end_date': '2016-08-15'}
[2025-11-01T03:52:28.781+0530] {api_client.py:61} INFO - Fetched 1 daily visits.
[2025-11-01T03:52:28.782+0530] {data_extractor.py:98} INFO - Fetched 1 records (total so far: 1).
[2025-11-01T03:52:28.782+0530] {data_extractor.py:101} INFO - Last page reached for params: {'start_date': '2016-08-15', 'end_date': '2016-08-15'}
[2025-11-01T03:52:28.783+0530] {data_extractor.py:64} INFO - Saved 1 records to data/daily_visits/date=2016-08-15/part-748f148b.json
[2025-11-01T03:52:28.783+0530] {data_extractor.py:157} INFO - ✅ Completed Daily Visits extraction for all dates.
[2025-11-01T03:52:28.784+0530] {python.py:240} INFO - Done. Returned value was: None
[2025-11-01T03:52:28.792+0530] {taskinstance.py:340} INFO - ::group::Post task execution logs
[2025-11-01T03:52:28.794+0530] {taskinstance.py:352} INFO - Marking task as SUCCESS. dag_id=etl_google_analytics_dag, task_id=daily_visits_data_extration, run_id=scheduled__2016-08-17T18:00:00+00:00, execution_date=20160817T180000, start_date=20251031T222212, end_date=20251031T222228
[2025-11-01T03:52:28.857+0530] {local_task_job_runner.py:266} INFO - Task exited with return code 0
[2025-11-01T03:52:28.880+0530] {taskinstance.py:3895} INFO - 1 downstream tasks scheduled from follow-on schedule check
[2025-11-01T03:52:28.901+0530] {local_task_job_runner.py:245} INFO - ::endgroup::
