[2025-11-01T03:55:37.094+0530] {local_task_job_runner.py:123} INFO - ::group::Pre task execution logs
[2025-11-01T03:55:37.141+0530] {taskinstance.py:2613} INFO - Dependencies all met for dep_context=non-requeueable deps ti=<TaskInstance: etl_google_analytics_dag.daily_visits_bq_ingestion scheduled__2016-08-10T06:00:00+00:00 [queued]>
[2025-11-01T03:55:37.168+0530] {taskinstance.py:2613} INFO - Dependencies all met for dep_context=requeueable deps ti=<TaskInstance: etl_google_analytics_dag.daily_visits_bq_ingestion scheduled__2016-08-10T06:00:00+00:00 [queued]>
[2025-11-01T03:55:37.169+0530] {taskinstance.py:2866} INFO - Starting attempt 2 of 4
[2025-11-01T03:55:37.241+0530] {taskinstance.py:2889} INFO - Executing <Task(PythonOperator): daily_visits_bq_ingestion> on 2016-08-10 06:00:00+00:00
[2025-11-01T03:55:37.247+0530] {standard_task_runner.py:72} INFO - Started process 135052 to run task
[2025-11-01T03:55:37.255+0530] {standard_task_runner.py:104} INFO - Running: ['airflow', 'tasks', 'run', 'etl_google_analytics_dag', 'daily_visits_bq_ingestion', 'scheduled__2016-08-10T06:00:00+00:00', '--job-id', '11', '--raw', '--subdir', 'DAGS_FOLDER/etl_google_analytics_dag.py', '--cfg-path', '/tmp/tmpgaidg1uf']
[2025-11-01T03:55:37.266+0530] {standard_task_runner.py:105} INFO - Job 11: Subtask daily_visits_bq_ingestion
[2025-11-01T03:55:37.612+0530] {task_command.py:467} INFO - Running <TaskInstance: etl_google_analytics_dag.daily_visits_bq_ingestion scheduled__2016-08-10T06:00:00+00:00 [running]> on host Abhijit.
[2025-11-01T03:55:37.886+0530] {taskinstance.py:3132} INFO - Exporting env vars: AIRFLOW_CTX_DAG_OWNER='airflow' AIRFLOW_CTX_DAG_ID='etl_google_analytics_dag' AIRFLOW_CTX_TASK_ID='daily_visits_bq_ingestion' AIRFLOW_CTX_EXECUTION_DATE='2016-08-10T06:00:00+00:00' AIRFLOW_CTX_TRY_NUMBER='2' AIRFLOW_CTX_DAG_RUN_ID='scheduled__2016-08-10T06:00:00+00:00'
[2025-11-01T03:55:37.898+0530] {taskinstance.py:731} INFO - ::endgroup::
[2025-11-01T03:55:38.308+0530] {bq_data_load.py:151} INFO - 📂 Processing directory: data/daily_visits/date=2016-08-03
[2025-11-01T03:55:38.313+0530] {bq_data_load.py:56} INFO - Loaded 1 records from data/daily_visits/date=2016-08-03/part-4c150bb5.json
[2025-11-01T03:55:38.314+0530] {bq_data_load.py:91} INFO - 📤 Loading 1 rows into dish-second-course.analytics.daily_visits
[2025-11-01T03:55:45.513+0530] {bq_data_load.py:111} INFO - ✅ Successfully loaded 1 rows into dish-second-course.analytics.daily_visits
[2025-11-01T03:55:45.548+0530] {bq_data_load.py:56} INFO - Loaded 1 records from data/daily_visits/date=2016-08-03/part-0dd72e78.json
[2025-11-01T03:55:45.549+0530] {bq_data_load.py:91} INFO - 📤 Loading 1 rows into dish-second-course.analytics.daily_visits
[2025-11-01T03:55:51.372+0530] {bq_data_load.py:111} INFO - ✅ Successfully loaded 1 rows into dish-second-course.analytics.daily_visits
[2025-11-01T03:55:51.374+0530] {bq_data_load.py:56} INFO - Loaded 1 records from data/daily_visits/date=2016-08-03/part-16a405fa.json
[2025-11-01T03:55:51.375+0530] {bq_data_load.py:91} INFO - 📤 Loading 1 rows into dish-second-course.analytics.daily_visits
[2025-11-01T03:55:57.219+0530] {bq_data_load.py:111} INFO - ✅ Successfully loaded 1 rows into dish-second-course.analytics.daily_visits
[2025-11-01T03:55:57.221+0530] {bq_data_load.py:151} INFO - 📂 Processing directory: data/daily_visits/date=2016-08-04
[2025-11-01T03:55:57.279+0530] {bq_data_load.py:56} INFO - Loaded 1 records from data/daily_visits/date=2016-08-04/part-9275c5e9.json
[2025-11-01T03:55:57.281+0530] {bq_data_load.py:91} INFO - 📤 Loading 1 rows into dish-second-course.analytics.daily_visits
[2025-11-01T03:56:02.514+0530] {bq_data_load.py:111} INFO - ✅ Successfully loaded 1 rows into dish-second-course.analytics.daily_visits
[2025-11-01T03:56:02.517+0530] {bq_data_load.py:56} INFO - Loaded 1 records from data/daily_visits/date=2016-08-04/part-e1c130e9.json
[2025-11-01T03:56:02.517+0530] {bq_data_load.py:91} INFO - 📤 Loading 1 rows into dish-second-course.analytics.daily_visits
[2025-11-01T03:56:07.832+0530] {bq_data_load.py:111} INFO - ✅ Successfully loaded 1 rows into dish-second-course.analytics.daily_visits
[2025-11-01T03:56:07.835+0530] {bq_data_load.py:56} INFO - Loaded 1 records from data/daily_visits/date=2016-08-04/part-f7470b94.json
[2025-11-01T03:56:07.835+0530] {bq_data_load.py:91} INFO - 📤 Loading 1 rows into dish-second-course.analytics.daily_visits
[2025-11-01T03:56:13.250+0530] {bq_data_load.py:111} INFO - ✅ Successfully loaded 1 rows into dish-second-course.analytics.daily_visits
[2025-11-01T03:56:13.251+0530] {bq_data_load.py:151} INFO - 📂 Processing directory: data/daily_visits/date=2016-08-05
[2025-11-01T03:56:13.312+0530] {bq_data_load.py:56} INFO - Loaded 1 records from data/daily_visits/date=2016-08-05/part-8595a8cf.json
[2025-11-01T03:56:13.313+0530] {bq_data_load.py:91} INFO - 📤 Loading 1 rows into dish-second-course.analytics.daily_visits
[2025-11-01T03:56:19.195+0530] {bq_data_load.py:111} INFO - ✅ Successfully loaded 1 rows into dish-second-course.analytics.daily_visits
[2025-11-01T03:56:19.197+0530] {bq_data_load.py:56} INFO - Loaded 1 records from data/daily_visits/date=2016-08-05/part-e519bc56.json
[2025-11-01T03:56:19.198+0530] {bq_data_load.py:91} INFO - 📤 Loading 1 rows into dish-second-course.analytics.daily_visits
[2025-11-01T03:56:30.859+0530] {bq_data_load.py:111} INFO - ✅ Successfully loaded 1 rows into dish-second-course.analytics.daily_visits
[2025-11-01T03:56:30.912+0530] {bq_data_load.py:56} INFO - Loaded 1 records from data/daily_visits/date=2016-08-05/part-1824a66d.json
[2025-11-01T03:56:30.913+0530] {bq_data_load.py:91} INFO - 📤 Loading 1 rows into dish-second-course.analytics.daily_visits
[2025-11-01T03:56:37.252+0530] {bq_data_load.py:111} INFO - ✅ Successfully loaded 1 rows into dish-second-course.analytics.daily_visits
[2025-11-01T03:56:37.273+0530] {bq_data_load.py:151} INFO - 📂 Processing directory: data/daily_visits/date=2016-08-06
[2025-11-01T03:56:37.276+0530] {bq_data_load.py:56} INFO - Loaded 1 records from data/daily_visits/date=2016-08-06/part-499f6b11.json
[2025-11-01T03:56:37.277+0530] {bq_data_load.py:91} INFO - 📤 Loading 1 rows into dish-second-course.analytics.daily_visits
[2025-11-01T03:56:42.396+0530] {bq_data_load.py:111} INFO - ✅ Successfully loaded 1 rows into dish-second-course.analytics.daily_visits
[2025-11-01T03:56:42.442+0530] {bq_data_load.py:56} INFO - Loaded 1 records from data/daily_visits/date=2016-08-06/part-260f9196.json
[2025-11-01T03:56:42.443+0530] {bq_data_load.py:91} INFO - 📤 Loading 1 rows into dish-second-course.analytics.daily_visits
[2025-11-01T03:56:53.879+0530] {bq_data_load.py:111} INFO - ✅ Successfully loaded 1 rows into dish-second-course.analytics.daily_visits
[2025-11-01T03:56:53.883+0530] {bq_data_load.py:56} INFO - Loaded 1 records from data/daily_visits/date=2016-08-06/part-6f523a26.json
[2025-11-01T03:56:53.883+0530] {bq_data_load.py:91} INFO - 📤 Loading 1 rows into dish-second-course.analytics.daily_visits
[2025-11-01T03:57:05.830+0530] {bq_data_load.py:111} INFO - ✅ Successfully loaded 1 rows into dish-second-course.analytics.daily_visits
[2025-11-01T03:57:05.832+0530] {bq_data_load.py:151} INFO - 📂 Processing directory: data/daily_visits/date=2016-08-07
[2025-11-01T03:57:05.834+0530] {bq_data_load.py:56} INFO - Loaded 1 records from data/daily_visits/date=2016-08-07/part-8027adc3.json
[2025-11-01T03:57:05.835+0530] {bq_data_load.py:91} INFO - 📤 Loading 1 rows into dish-second-course.analytics.daily_visits
[2025-11-01T03:57:18.491+0530] {bq_data_load.py:111} INFO - ✅ Successfully loaded 1 rows into dish-second-course.analytics.daily_visits
[2025-11-01T03:57:18.495+0530] {bq_data_load.py:56} INFO - Loaded 1 records from data/daily_visits/date=2016-08-07/part-3142c0fb.json
[2025-11-01T03:57:18.496+0530] {bq_data_load.py:91} INFO - 📤 Loading 1 rows into dish-second-course.analytics.daily_visits
[2025-11-01T03:57:23.811+0530] {bq_data_load.py:111} INFO - ✅ Successfully loaded 1 rows into dish-second-course.analytics.daily_visits
[2025-11-01T03:57:23.854+0530] {bq_data_load.py:56} INFO - Loaded 1 records from data/daily_visits/date=2016-08-07/part-d033137d.json
[2025-11-01T03:57:23.855+0530] {bq_data_load.py:91} INFO - 📤 Loading 1 rows into dish-second-course.analytics.daily_visits
[2025-11-01T03:57:35.565+0530] {bq_data_load.py:111} INFO - ✅ Successfully loaded 1 rows into dish-second-course.analytics.daily_visits
[2025-11-01T03:57:35.566+0530] {bq_data_load.py:151} INFO - 📂 Processing directory: data/daily_visits/date=2016-08-08
[2025-11-01T03:57:35.571+0530] {bq_data_load.py:56} INFO - Loaded 1 records from data/daily_visits/date=2016-08-08/part-a7cfc10a.json
[2025-11-01T03:57:35.572+0530] {bq_data_load.py:91} INFO - 📤 Loading 1 rows into dish-second-course.analytics.daily_visits
[2025-11-01T03:57:42.599+0530] {bq_data_load.py:111} INFO - ✅ Successfully loaded 1 rows into dish-second-course.analytics.daily_visits
[2025-11-01T03:57:42.657+0530] {bq_data_load.py:56} INFO - Loaded 1 records from data/daily_visits/date=2016-08-08/part-7fb2799c.json
[2025-11-01T03:57:42.658+0530] {bq_data_load.py:91} INFO - 📤 Loading 1 rows into dish-second-course.analytics.daily_visits
[2025-11-01T03:57:49.800+0530] {bq_data_load.py:111} INFO - ✅ Successfully loaded 1 rows into dish-second-course.analytics.daily_visits
[2025-11-01T03:57:49.804+0530] {bq_data_load.py:56} INFO - Loaded 1 records from data/daily_visits/date=2016-08-08/part-ba9eed32.json
[2025-11-01T03:57:49.805+0530] {bq_data_load.py:91} INFO - 📤 Loading 1 rows into dish-second-course.analytics.daily_visits
[2025-11-01T03:57:56.207+0530] {bq_data_load.py:111} INFO - ✅ Successfully loaded 1 rows into dish-second-course.analytics.daily_visits
[2025-11-01T03:57:56.208+0530] {bq_data_load.py:151} INFO - 📂 Processing directory: data/daily_visits/date=2016-08-09
[2025-11-01T03:57:56.219+0530] {bq_data_load.py:56} INFO - Loaded 1 records from data/daily_visits/date=2016-08-09/part-f0473592.json
[2025-11-01T03:57:56.220+0530] {bq_data_load.py:91} INFO - 📤 Loading 1 rows into dish-second-course.analytics.daily_visits
[2025-11-01T03:58:06.282+0530] {bq_data_load.py:111} INFO - ✅ Successfully loaded 1 rows into dish-second-course.analytics.daily_visits
[2025-11-01T03:58:06.285+0530] {python.py:240} INFO - Done. Returned value was: None
[2025-11-01T03:58:06.348+0530] {taskinstance.py:340} INFO - ::group::Post task execution logs
[2025-11-01T03:58:06.350+0530] {taskinstance.py:352} INFO - Marking task as SUCCESS. dag_id=etl_google_analytics_dag, task_id=daily_visits_bq_ingestion, run_id=scheduled__2016-08-10T06:00:00+00:00, execution_date=20160810T060000, start_date=20251031T222537, end_date=20251031T222806
[2025-11-01T03:58:06.470+0530] {local_task_job_runner.py:266} INFO - Task exited with return code 0
[2025-11-01T03:58:06.541+0530] {taskinstance.py:3895} INFO - 1 downstream tasks scheduled from follow-on schedule check
[2025-11-01T03:58:06.561+0530] {local_task_job_runner.py:245} INFO - ::endgroup::
