[2025-11-01T15:14:48.632+0530] {local_task_job_runner.py:123} INFO - ::group::Pre task execution logs
[2025-11-01T15:14:48.641+0530] {taskinstance.py:2613} INFO - Dependencies all met for dep_context=non-requeueable deps ti=<TaskInstance: etl_google_analytics_dag.daily_visits_bq_ingestion scheduled__2016-08-10T06:00:00+00:00 [queued]>
[2025-11-01T15:14:48.647+0530] {taskinstance.py:2613} INFO - Dependencies all met for dep_context=requeueable deps ti=<TaskInstance: etl_google_analytics_dag.daily_visits_bq_ingestion scheduled__2016-08-10T06:00:00+00:00 [queued]>
[2025-11-01T15:14:48.647+0530] {taskinstance.py:2866} INFO - Starting attempt 3 of 5
[2025-11-01T15:14:48.672+0530] {taskinstance.py:2889} INFO - Executing <Task(PythonOperator): daily_visits_bq_ingestion> on 2016-08-10 06:00:00+00:00
[2025-11-01T15:14:48.675+0530] {standard_task_runner.py:72} INFO - Started process 67234 to run task
[2025-11-01T15:14:48.678+0530] {standard_task_runner.py:104} INFO - Running: ['airflow', 'tasks', 'run', 'etl_google_analytics_dag', 'daily_visits_bq_ingestion', 'scheduled__2016-08-10T06:00:00+00:00', '--job-id', '32', '--raw', '--subdir', 'DAGS_FOLDER/etl_google_analytics_dag.py', '--cfg-path', '/tmp/tmpfagv1irb']
[2025-11-01T15:14:48.679+0530] {standard_task_runner.py:105} INFO - Job 32: Subtask daily_visits_bq_ingestion
[2025-11-01T15:14:48.730+0530] {task_command.py:467} INFO - Running <TaskInstance: etl_google_analytics_dag.daily_visits_bq_ingestion scheduled__2016-08-10T06:00:00+00:00 [running]> on host Abhijit.
[2025-11-01T15:14:48.820+0530] {taskinstance.py:3132} INFO - Exporting env vars: AIRFLOW_CTX_DAG_OWNER='airflow' AIRFLOW_CTX_DAG_ID='etl_google_analytics_dag' AIRFLOW_CTX_TASK_ID='daily_visits_bq_ingestion' AIRFLOW_CTX_EXECUTION_DATE='2016-08-10T06:00:00+00:00' AIRFLOW_CTX_TRY_NUMBER='3' AIRFLOW_CTX_DAG_RUN_ID='scheduled__2016-08-10T06:00:00+00:00'
[2025-11-01T15:14:48.823+0530] {taskinstance.py:731} INFO - ::endgroup::
[2025-11-01T15:14:48.902+0530] {bq_data_load.py:151} INFO - 📂 Processing directory: data/daily_visits/date=2016-08-03
[2025-11-01T15:14:48.902+0530] {bq_data_load.py:56} INFO - Loaded 1 records from data/daily_visits/date=2016-08-03/part-ae3115b7.json
[2025-11-01T15:14:48.902+0530] {bq_data_load.py:91} INFO - 📤 Loading 1 rows into dish-second-course.analytics.daily_visits
[2025-11-01T15:14:56.250+0530] {bq_data_load.py:111} INFO - ✅ Successfully loaded 1 rows into dish-second-course.analytics.daily_visits
[2025-11-01T15:14:56.303+0530] {bq_data_load.py:56} INFO - Loaded 1 records from data/daily_visits/date=2016-08-03/part-0dd72e78.json
[2025-11-01T15:14:56.304+0530] {bq_data_load.py:91} INFO - 📤 Loading 1 rows into dish-second-course.analytics.daily_visits
[2025-11-01T15:15:02.099+0530] {bq_data_load.py:111} INFO - ✅ Successfully loaded 1 rows into dish-second-course.analytics.daily_visits
[2025-11-01T15:15:02.099+0530] {bq_data_load.py:151} INFO - 📂 Processing directory: data/daily_visits/date=2016-08-04
[2025-11-01T15:15:02.101+0530] {bq_data_load.py:56} INFO - Loaded 1 records from data/daily_visits/date=2016-08-04/part-9275c5e9.json
[2025-11-01T15:15:02.101+0530] {bq_data_load.py:91} INFO - 📤 Loading 1 rows into dish-second-course.analytics.daily_visits
[2025-11-01T15:15:07.505+0530] {bq_data_load.py:111} INFO - ✅ Successfully loaded 1 rows into dish-second-course.analytics.daily_visits
[2025-11-01T15:15:07.506+0530] {bq_data_load.py:56} INFO - Loaded 1 records from data/daily_visits/date=2016-08-04/part-4cf68293.json
[2025-11-01T15:15:07.506+0530] {bq_data_load.py:91} INFO - 📤 Loading 1 rows into dish-second-course.analytics.daily_visits
[2025-11-01T15:15:13.193+0530] {bq_data_load.py:111} INFO - ✅ Successfully loaded 1 rows into dish-second-course.analytics.daily_visits
[2025-11-01T15:15:13.193+0530] {bq_data_load.py:151} INFO - 📂 Processing directory: data/daily_visits/date=2016-08-05
[2025-11-01T15:15:13.193+0530] {bq_data_load.py:56} INFO - Loaded 1 records from data/daily_visits/date=2016-08-05/part-4b73263d.json
[2025-11-01T15:15:13.193+0530] {bq_data_load.py:91} INFO - 📤 Loading 1 rows into dish-second-course.analytics.daily_visits
[2025-11-01T15:15:18.034+0530] {bq_data_load.py:111} INFO - ✅ Successfully loaded 1 rows into dish-second-course.analytics.daily_visits
[2025-11-01T15:15:18.035+0530] {bq_data_load.py:56} INFO - Loaded 1 records from data/daily_visits/date=2016-08-05/part-1824a66d.json
[2025-11-01T15:15:18.035+0530] {bq_data_load.py:91} INFO - 📤 Loading 1 rows into dish-second-course.analytics.daily_visits
[2025-11-01T15:15:23.792+0530] {bq_data_load.py:111} INFO - ✅ Successfully loaded 1 rows into dish-second-course.analytics.daily_visits
[2025-11-01T15:15:23.793+0530] {bq_data_load.py:151} INFO - 📂 Processing directory: data/daily_visits/date=2016-08-06
[2025-11-01T15:15:23.802+0530] {bq_data_load.py:56} INFO - Loaded 1 records from data/daily_visits/date=2016-08-06/part-6f523a26.json
[2025-11-01T15:15:23.803+0530] {bq_data_load.py:91} INFO - 📤 Loading 1 rows into dish-second-course.analytics.daily_visits
[2025-11-01T15:15:30.476+0530] {bq_data_load.py:111} INFO - ✅ Successfully loaded 1 rows into dish-second-course.analytics.daily_visits
[2025-11-01T15:15:30.477+0530] {bq_data_load.py:56} INFO - Loaded 1 records from data/daily_visits/date=2016-08-06/part-70165d10.json
[2025-11-01T15:15:30.477+0530] {bq_data_load.py:91} INFO - 📤 Loading 1 rows into dish-second-course.analytics.daily_visits
[2025-11-01T15:15:36.845+0530] {bq_data_load.py:111} INFO - ✅ Successfully loaded 1 rows into dish-second-course.analytics.daily_visits
[2025-11-01T15:15:36.845+0530] {bq_data_load.py:151} INFO - 📂 Processing directory: data/daily_visits/date=2016-08-07
[2025-11-01T15:15:36.896+0530] {bq_data_load.py:56} INFO - Loaded 1 records from data/daily_visits/date=2016-08-07/part-3142c0fb.json
[2025-11-01T15:15:36.897+0530] {bq_data_load.py:91} INFO - 📤 Loading 1 rows into dish-second-course.analytics.daily_visits
[2025-11-01T15:15:42.503+0530] {bq_data_load.py:111} INFO - ✅ Successfully loaded 1 rows into dish-second-course.analytics.daily_visits
[2025-11-01T15:15:42.503+0530] {bq_data_load.py:56} INFO - Loaded 1 records from data/daily_visits/date=2016-08-07/part-0be1524c.json
[2025-11-01T15:15:42.503+0530] {bq_data_load.py:91} INFO - 📤 Loading 1 rows into dish-second-course.analytics.daily_visits
[2025-11-01T15:15:47.994+0530] {bq_data_load.py:111} INFO - ✅ Successfully loaded 1 rows into dish-second-course.analytics.daily_visits
[2025-11-01T15:15:47.994+0530] {bq_data_load.py:151} INFO - 📂 Processing directory: data/daily_visits/date=2016-08-08
[2025-11-01T15:15:47.994+0530] {bq_data_load.py:56} INFO - Loaded 1 records from data/daily_visits/date=2016-08-08/part-f04431f9.json
[2025-11-01T15:15:47.994+0530] {bq_data_load.py:91} INFO - 📤 Loading 1 rows into dish-second-course.analytics.daily_visits
[2025-11-01T15:15:52.174+0530] {bq_data_load.py:111} INFO - ✅ Successfully loaded 1 rows into dish-second-course.analytics.daily_visits
[2025-11-01T15:15:52.175+0530] {bq_data_load.py:56} INFO - Loaded 1 records from data/daily_visits/date=2016-08-08/part-7fb2799c.json
[2025-11-01T15:15:52.175+0530] {bq_data_load.py:91} INFO - 📤 Loading 1 rows into dish-second-course.analytics.daily_visits
[2025-11-01T15:15:57.639+0530] {bq_data_load.py:111} INFO - ✅ Successfully loaded 1 rows into dish-second-course.analytics.daily_visits
[2025-11-01T15:15:57.639+0530] {bq_data_load.py:151} INFO - 📂 Processing directory: data/daily_visits/date=2016-08-09
[2025-11-01T15:15:57.696+0530] {bq_data_load.py:56} INFO - Loaded 1 records from data/daily_visits/date=2016-08-09/part-e8708d4a.json
[2025-11-01T15:15:57.696+0530] {bq_data_load.py:91} INFO - 📤 Loading 1 rows into dish-second-course.analytics.daily_visits
[2025-11-01T15:16:03.292+0530] {bq_data_load.py:111} INFO - ✅ Successfully loaded 1 rows into dish-second-course.analytics.daily_visits
[2025-11-01T15:16:03.391+0530] {bq_data_load.py:56} INFO - Loaded 1 records from data/daily_visits/date=2016-08-09/part-73aaaa45.json
[2025-11-01T15:16:03.394+0530] {bq_data_load.py:91} INFO - 📤 Loading 1 rows into dish-second-course.analytics.daily_visits
[2025-11-01T15:16:09.083+0530] {bq_data_load.py:111} INFO - ✅ Successfully loaded 1 rows into dish-second-course.analytics.daily_visits
[2025-11-01T15:16:09.084+0530] {bq_data_load.py:56} INFO - Loaded 1 records from data/daily_visits/date=2016-08-09/part-ab99fed6.json
[2025-11-01T15:16:09.084+0530] {bq_data_load.py:91} INFO - 📤 Loading 1 rows into dish-second-course.analytics.daily_visits
[2025-11-01T15:16:14.290+0530] {bq_data_load.py:111} INFO - ✅ Successfully loaded 1 rows into dish-second-course.analytics.daily_visits
[2025-11-01T15:16:14.290+0530] {python.py:240} INFO - Done. Returned value was: None
[2025-11-01T15:16:14.295+0530] {taskinstance.py:340} INFO - ::group::Post task execution logs
[2025-11-01T15:16:14.295+0530] {taskinstance.py:352} INFO - Marking task as SUCCESS. dag_id=etl_google_analytics_dag, task_id=daily_visits_bq_ingestion, run_id=scheduled__2016-08-10T06:00:00+00:00, execution_date=20160810T060000, start_date=20251101T094448, end_date=20251101T094614
[2025-11-01T15:16:14.364+0530] {local_task_job_runner.py:266} INFO - Task exited with return code 0
[2025-11-01T15:16:14.378+0530] {taskinstance.py:3895} INFO - 1 downstream tasks scheduled from follow-on schedule check
[2025-11-01T15:16:14.394+0530] {local_task_job_runner.py:245} INFO - ::endgroup::
