[2025-11-01T15:14:28.196+0530] {local_task_job_runner.py:123} INFO - ::group::Pre task execution logs
[2025-11-01T15:14:28.206+0530] {taskinstance.py:2613} INFO - Dependencies all met for dep_context=non-requeueable deps ti=<TaskInstance: etl_google_analytics_dag.daily_visits_data_extration scheduled__2016-08-10T06:00:00+00:00 [queued]>
[2025-11-01T15:14:28.214+0530] {taskinstance.py:2613} INFO - Dependencies all met for dep_context=requeueable deps ti=<TaskInstance: etl_google_analytics_dag.daily_visits_data_extration scheduled__2016-08-10T06:00:00+00:00 [queued]>
[2025-11-01T15:14:28.215+0530] {taskinstance.py:2866} INFO - Starting attempt 2 of 4
[2025-11-01T15:14:28.247+0530] {taskinstance.py:2889} INFO - Executing <Task(PythonOperator): daily_visits_data_extration> on 2016-08-10 06:00:00+00:00
[2025-11-01T15:14:28.251+0530] {standard_task_runner.py:72} INFO - Started process 66880 to run task
[2025-11-01T15:14:28.269+0530] {standard_task_runner.py:104} INFO - Running: ['airflow', 'tasks', 'run', 'etl_google_analytics_dag', 'daily_visits_data_extration', 'scheduled__2016-08-10T06:00:00+00:00', '--job-id', '31', '--raw', '--subdir', 'DAGS_FOLDER/etl_google_analytics_dag.py', '--cfg-path', '/tmp/tmpodmc0bvc']
[2025-11-01T15:14:28.277+0530] {standard_task_runner.py:105} INFO - Job 31: Subtask daily_visits_data_extration
[2025-11-01T15:14:28.393+0530] {task_command.py:467} INFO - Running <TaskInstance: etl_google_analytics_dag.daily_visits_data_extration scheduled__2016-08-10T06:00:00+00:00 [running]> on host Abhijit.
[2025-11-01T15:14:29.085+0530] {taskinstance.py:3132} INFO - Exporting env vars: AIRFLOW_CTX_DAG_OWNER='airflow' AIRFLOW_CTX_DAG_ID='etl_google_analytics_dag' AIRFLOW_CTX_TASK_ID='daily_visits_data_extration' AIRFLOW_CTX_EXECUTION_DATE='2016-08-10T06:00:00+00:00' AIRFLOW_CTX_TRY_NUMBER='2' AIRFLOW_CTX_DAG_RUN_ID='scheduled__2016-08-10T06:00:00+00:00'
[2025-11-01T15:14:29.105+0530] {taskinstance.py:731} INFO - ::endgroup::
[2025-11-01T15:14:29.241+0530] {data_extractor.py:130} INFO - Starting Daily Visits extraction from 2016-08-03 to 2016-08-09
[2025-11-01T15:14:29.242+0530] {data_extractor.py:136} INFO - Fetching Daily Visits for date 2016-08-03...
[2025-11-01T15:14:29.243+0530] {data_extractor.py:85} INFO - Fetching page 1 with params: {'start_date': '2016-08-03', 'end_date': '2016-08-03'}
[2025-11-01T15:14:32.005+0530] {api_client.py:61} INFO - Fetched 1 daily visits.
[2025-11-01T15:14:32.005+0530] {data_extractor.py:98} INFO - Fetched 1 records (total so far: 1).
[2025-11-01T15:14:32.005+0530] {data_extractor.py:101} INFO - Last page reached for params: {'start_date': '2016-08-03', 'end_date': '2016-08-03'}
[2025-11-01T15:14:32.006+0530] {data_extractor.py:64} INFO - Saved 1 records to data/daily_visits/date=2016-08-03/part-ae3115b7.json
[2025-11-01T15:14:32.006+0530] {data_extractor.py:136} INFO - Fetching Daily Visits for date 2016-08-04...
[2025-11-01T15:14:32.006+0530] {data_extractor.py:85} INFO - Fetching page 1 with params: {'start_date': '2016-08-04', 'end_date': '2016-08-04'}
[2025-11-01T15:14:34.486+0530] {api_client.py:61} INFO - Fetched 1 daily visits.
[2025-11-01T15:14:34.487+0530] {data_extractor.py:98} INFO - Fetched 1 records (total so far: 1).
[2025-11-01T15:14:34.487+0530] {data_extractor.py:101} INFO - Last page reached for params: {'start_date': '2016-08-04', 'end_date': '2016-08-04'}
[2025-11-01T15:14:34.488+0530] {data_extractor.py:64} INFO - Saved 1 records to data/daily_visits/date=2016-08-04/part-4cf68293.json
[2025-11-01T15:14:34.488+0530] {data_extractor.py:136} INFO - Fetching Daily Visits for date 2016-08-05...
[2025-11-01T15:14:34.488+0530] {data_extractor.py:85} INFO - Fetching page 1 with params: {'start_date': '2016-08-05', 'end_date': '2016-08-05'}
[2025-11-01T15:14:36.977+0530] {api_client.py:61} INFO - Fetched 1 daily visits.
[2025-11-01T15:14:36.978+0530] {data_extractor.py:98} INFO - Fetched 1 records (total so far: 1).
[2025-11-01T15:14:36.978+0530] {data_extractor.py:101} INFO - Last page reached for params: {'start_date': '2016-08-05', 'end_date': '2016-08-05'}
[2025-11-01T15:14:36.978+0530] {data_extractor.py:64} INFO - Saved 1 records to data/daily_visits/date=2016-08-05/part-4b73263d.json
[2025-11-01T15:14:36.979+0530] {data_extractor.py:136} INFO - Fetching Daily Visits for date 2016-08-06...
[2025-11-01T15:14:36.979+0530] {data_extractor.py:85} INFO - Fetching page 1 with params: {'start_date': '2016-08-06', 'end_date': '2016-08-06'}
[2025-11-01T15:14:39.516+0530] {api_client.py:61} INFO - Fetched 1 daily visits.
[2025-11-01T15:14:39.516+0530] {data_extractor.py:98} INFO - Fetched 1 records (total so far: 1).
[2025-11-01T15:14:39.516+0530] {data_extractor.py:101} INFO - Last page reached for params: {'start_date': '2016-08-06', 'end_date': '2016-08-06'}
[2025-11-01T15:14:39.516+0530] {data_extractor.py:64} INFO - Saved 1 records to data/daily_visits/date=2016-08-06/part-70165d10.json
[2025-11-01T15:14:39.517+0530] {data_extractor.py:136} INFO - Fetching Daily Visits for date 2016-08-07...
[2025-11-01T15:14:39.517+0530] {data_extractor.py:85} INFO - Fetching page 1 with params: {'start_date': '2016-08-07', 'end_date': '2016-08-07'}
[2025-11-01T15:14:42.043+0530] {api_client.py:61} INFO - Fetched 1 daily visits.
[2025-11-01T15:14:42.044+0530] {data_extractor.py:98} INFO - Fetched 1 records (total so far: 1).
[2025-11-01T15:14:42.044+0530] {data_extractor.py:101} INFO - Last page reached for params: {'start_date': '2016-08-07', 'end_date': '2016-08-07'}
[2025-11-01T15:14:42.044+0530] {data_extractor.py:64} INFO - Saved 1 records to data/daily_visits/date=2016-08-07/part-0be1524c.json
[2025-11-01T15:14:42.044+0530] {data_extractor.py:136} INFO - Fetching Daily Visits for date 2016-08-08...
[2025-11-01T15:14:42.044+0530] {data_extractor.py:85} INFO - Fetching page 1 with params: {'start_date': '2016-08-08', 'end_date': '2016-08-08'}
[2025-11-01T15:14:44.719+0530] {api_client.py:61} INFO - Fetched 1 daily visits.
[2025-11-01T15:14:44.720+0530] {data_extractor.py:98} INFO - Fetched 1 records (total so far: 1).
[2025-11-01T15:14:44.720+0530] {data_extractor.py:101} INFO - Last page reached for params: {'start_date': '2016-08-08', 'end_date': '2016-08-08'}
[2025-11-01T15:14:44.721+0530] {data_extractor.py:64} INFO - Saved 1 records to data/daily_visits/date=2016-08-08/part-f04431f9.json
[2025-11-01T15:14:44.721+0530] {data_extractor.py:136} INFO - Fetching Daily Visits for date 2016-08-09...
[2025-11-01T15:14:44.721+0530] {data_extractor.py:85} INFO - Fetching page 1 with params: {'start_date': '2016-08-09', 'end_date': '2016-08-09'}
[2025-11-01T15:14:46.161+0530] {api_client.py:61} INFO - Fetched 1 daily visits.
[2025-11-01T15:14:46.162+0530] {data_extractor.py:98} INFO - Fetched 1 records (total so far: 1).
[2025-11-01T15:14:46.162+0530] {data_extractor.py:101} INFO - Last page reached for params: {'start_date': '2016-08-09', 'end_date': '2016-08-09'}
[2025-11-01T15:14:46.163+0530] {data_extractor.py:64} INFO - Saved 1 records to data/daily_visits/date=2016-08-09/part-ab99fed6.json
[2025-11-01T15:14:46.163+0530] {data_extractor.py:157} INFO - ✅ Completed Daily Visits extraction for all dates.
[2025-11-01T15:14:46.163+0530] {python.py:240} INFO - Done. Returned value was: None
[2025-11-01T15:14:46.167+0530] {taskinstance.py:340} INFO - ::group::Post task execution logs
[2025-11-01T15:14:46.167+0530] {taskinstance.py:352} INFO - Marking task as SUCCESS. dag_id=etl_google_analytics_dag, task_id=daily_visits_data_extration, run_id=scheduled__2016-08-10T06:00:00+00:00, execution_date=20160810T060000, start_date=20251101T094428, end_date=20251101T094446
[2025-11-01T15:14:46.262+0530] {local_task_job_runner.py:266} INFO - Task exited with return code 0
[2025-11-01T15:14:46.278+0530] {taskinstance.py:3895} INFO - 1 downstream tasks scheduled from follow-on schedule check
[2025-11-01T15:14:46.296+0530] {local_task_job_runner.py:245} INFO - ::endgroup::
