[2025-11-01T03:48:55.253+0530] {local_task_job_runner.py:123} INFO - ::group::Pre task execution logs
[2025-11-01T03:48:55.283+0530] {taskinstance.py:2613} INFO - Dependencies all met for dep_context=non-requeueable deps ti=<TaskInstance: etl_google_analytics_dag.daily_visits_data_extration scheduled__2016-08-10T06:00:00+00:00 [queued]>
[2025-11-01T03:48:55.299+0530] {taskinstance.py:2613} INFO - Dependencies all met for dep_context=requeueable deps ti=<TaskInstance: etl_google_analytics_dag.daily_visits_data_extration scheduled__2016-08-10T06:00:00+00:00 [queued]>
[2025-11-01T03:48:55.300+0530] {taskinstance.py:2866} INFO - Starting attempt 1 of 3
[2025-11-01T03:48:55.354+0530] {taskinstance.py:2889} INFO - Executing <Task(PythonOperator): daily_visits_data_extration> on 2016-08-10 06:00:00+00:00
[2025-11-01T03:48:55.363+0530] {standard_task_runner.py:72} INFO - Started process 129825 to run task
[2025-11-01T03:48:55.400+0530] {standard_task_runner.py:104} INFO - Running: ['airflow', 'tasks', 'run', 'etl_google_analytics_dag', 'daily_visits_data_extration', 'scheduled__2016-08-10T06:00:00+00:00', '--job-id', '3', '--raw', '--subdir', 'DAGS_FOLDER/etl_google_analytics_dag.py', '--cfg-path', '/tmp/tmp2nkzkgba']
[2025-11-01T03:48:55.413+0530] {standard_task_runner.py:105} INFO - Job 3: Subtask daily_visits_data_extration
[2025-11-01T03:48:55.647+0530] {task_command.py:467} INFO - Running <TaskInstance: etl_google_analytics_dag.daily_visits_data_extration scheduled__2016-08-10T06:00:00+00:00 [running]> on host Abhijit.
[2025-11-01T03:48:55.852+0530] {taskinstance.py:3132} INFO - Exporting env vars: AIRFLOW_CTX_DAG_OWNER='airflow' AIRFLOW_CTX_DAG_ID='etl_google_analytics_dag' AIRFLOW_CTX_TASK_ID='daily_visits_data_extration' AIRFLOW_CTX_EXECUTION_DATE='2016-08-10T06:00:00+00:00' AIRFLOW_CTX_TRY_NUMBER='1' AIRFLOW_CTX_DAG_RUN_ID='scheduled__2016-08-10T06:00:00+00:00'
[2025-11-01T03:48:55.855+0530] {taskinstance.py:731} INFO - ::endgroup::
[2025-11-01T03:48:55.917+0530] {data_extractor.py:130} INFO - Starting Daily Visits extraction from 2016-08-03 to 2016-08-09
[2025-11-01T03:48:55.919+0530] {data_extractor.py:136} INFO - Fetching Daily Visits for date 2016-08-03...
[2025-11-01T03:48:55.919+0530] {data_extractor.py:85} INFO - Fetching page 1 with params: {'start_date': '2016-08-03', 'end_date': '2016-08-03'}
[2025-11-01T03:49:03.724+0530] {api_client.py:61} INFO - Fetched 1 daily visits.
[2025-11-01T03:49:03.724+0530] {data_extractor.py:98} INFO - Fetched 1 records (total so far: 1).
[2025-11-01T03:49:03.725+0530] {data_extractor.py:101} INFO - Last page reached for params: {'start_date': '2016-08-03', 'end_date': '2016-08-03'}
[2025-11-01T03:49:03.780+0530] {data_extractor.py:64} INFO - Saved 1 records to data/daily_visits/date=2016-08-03/part-16a405fa.json
[2025-11-01T03:49:03.782+0530] {data_extractor.py:136} INFO - Fetching Daily Visits for date 2016-08-04...
[2025-11-01T03:49:03.782+0530] {data_extractor.py:85} INFO - Fetching page 1 with params: {'start_date': '2016-08-04', 'end_date': '2016-08-04'}
[2025-11-01T03:49:06.740+0530] {api_client.py:61} INFO - Fetched 1 daily visits.
[2025-11-01T03:49:06.741+0530] {data_extractor.py:98} INFO - Fetched 1 records (total so far: 1).
[2025-11-01T03:49:06.741+0530] {data_extractor.py:101} INFO - Last page reached for params: {'start_date': '2016-08-04', 'end_date': '2016-08-04'}
[2025-11-01T03:49:06.743+0530] {data_extractor.py:64} INFO - Saved 1 records to data/daily_visits/date=2016-08-04/part-e1c130e9.json
[2025-11-01T03:49:06.743+0530] {data_extractor.py:136} INFO - Fetching Daily Visits for date 2016-08-05...
[2025-11-01T03:49:06.744+0530] {data_extractor.py:85} INFO - Fetching page 1 with params: {'start_date': '2016-08-05', 'end_date': '2016-08-05'}
[2025-11-01T03:49:09.429+0530] {api_client.py:61} INFO - Fetched 1 daily visits.
[2025-11-01T03:49:09.430+0530] {data_extractor.py:98} INFO - Fetched 1 records (total so far: 1).
[2025-11-01T03:49:09.430+0530] {data_extractor.py:101} INFO - Last page reached for params: {'start_date': '2016-08-05', 'end_date': '2016-08-05'}
[2025-11-01T03:49:09.431+0530] {data_extractor.py:64} INFO - Saved 1 records to data/daily_visits/date=2016-08-05/part-8595a8cf.json
[2025-11-01T03:49:09.431+0530] {data_extractor.py:136} INFO - Fetching Daily Visits for date 2016-08-06...
[2025-11-01T03:49:09.432+0530] {data_extractor.py:85} INFO - Fetching page 1 with params: {'start_date': '2016-08-06', 'end_date': '2016-08-06'}
[2025-11-01T03:49:12.385+0530] {api_client.py:61} INFO - Fetched 1 daily visits.
[2025-11-01T03:49:12.386+0530] {data_extractor.py:98} INFO - Fetched 1 records (total so far: 1).
[2025-11-01T03:49:12.386+0530] {data_extractor.py:101} INFO - Last page reached for params: {'start_date': '2016-08-06', 'end_date': '2016-08-06'}
[2025-11-01T03:49:12.387+0530] {data_extractor.py:64} INFO - Saved 1 records to data/daily_visits/date=2016-08-06/part-499f6b11.json
[2025-11-01T03:49:12.388+0530] {data_extractor.py:136} INFO - Fetching Daily Visits for date 2016-08-07...
[2025-11-01T03:49:12.388+0530] {data_extractor.py:85} INFO - Fetching page 1 with params: {'start_date': '2016-08-07', 'end_date': '2016-08-07'}
[2025-11-01T03:49:14.957+0530] {api_client.py:61} INFO - Fetched 1 daily visits.
[2025-11-01T03:49:14.957+0530] {data_extractor.py:98} INFO - Fetched 1 records (total so far: 1).
[2025-11-01T03:49:14.957+0530] {data_extractor.py:101} INFO - Last page reached for params: {'start_date': '2016-08-07', 'end_date': '2016-08-07'}
[2025-11-01T03:49:14.958+0530] {data_extractor.py:64} INFO - Saved 1 records to data/daily_visits/date=2016-08-07/part-3142c0fb.json
[2025-11-01T03:49:14.959+0530] {data_extractor.py:136} INFO - Fetching Daily Visits for date 2016-08-08...
[2025-11-01T03:49:14.959+0530] {data_extractor.py:85} INFO - Fetching page 1 with params: {'start_date': '2016-08-08', 'end_date': '2016-08-08'}
[2025-11-01T03:49:17.491+0530] {api_client.py:61} INFO - Fetched 1 daily visits.
[2025-11-01T03:49:17.492+0530] {data_extractor.py:98} INFO - Fetched 1 records (total so far: 1).
[2025-11-01T03:49:17.492+0530] {data_extractor.py:101} INFO - Last page reached for params: {'start_date': '2016-08-08', 'end_date': '2016-08-08'}
[2025-11-01T03:49:17.494+0530] {data_extractor.py:64} INFO - Saved 1 records to data/daily_visits/date=2016-08-08/part-a7cfc10a.json
[2025-11-01T03:49:17.494+0530] {data_extractor.py:157} INFO - ✅ Completed Daily Visits extraction for all dates.
[2025-11-01T03:49:17.495+0530] {python.py:240} INFO - Done. Returned value was: None
[2025-11-01T03:49:17.513+0530] {taskinstance.py:340} INFO - ::group::Post task execution logs
[2025-11-01T03:49:17.514+0530] {taskinstance.py:352} INFO - Marking task as SUCCESS. dag_id=etl_google_analytics_dag, task_id=daily_visits_data_extration, run_id=scheduled__2016-08-10T06:00:00+00:00, execution_date=20160810T060000, start_date=20251031T221855, end_date=20251031T221917
[2025-11-01T03:49:17.562+0530] {local_task_job_runner.py:266} INFO - Task exited with return code 0
[2025-11-01T03:49:17.589+0530] {taskinstance.py:3895} INFO - 1 downstream tasks scheduled from follow-on schedule check
[2025-11-01T03:49:17.605+0530] {local_task_job_runner.py:245} INFO - ::endgroup::
