[2025-11-01T04:09:58.115+0530] {local_task_job_runner.py:123} INFO - ::group::Pre task execution logs
[2025-11-01T04:09:58.127+0530] {taskinstance.py:2613} INFO - Dependencies all met for dep_context=non-requeueable deps ti=<TaskInstance: etl_google_analytics_dag.ga_sessions_data_extration scheduled__2016-08-10T18:00:00+00:00 [queued]>
[2025-11-01T04:09:58.134+0530] {taskinstance.py:2613} INFO - Dependencies all met for dep_context=requeueable deps ti=<TaskInstance: etl_google_analytics_dag.ga_sessions_data_extration scheduled__2016-08-10T18:00:00+00:00 [queued]>
[2025-11-01T04:09:58.135+0530] {taskinstance.py:2866} INFO - Starting attempt 1 of 3
[2025-11-01T04:09:58.166+0530] {taskinstance.py:2889} INFO - Executing <Task(PythonOperator): ga_sessions_data_extration> on 2016-08-10 18:00:00+00:00
[2025-11-01T04:09:58.169+0530] {standard_task_runner.py:72} INFO - Started process 147172 to run task
[2025-11-01T04:09:58.173+0530] {standard_task_runner.py:104} INFO - Running: ['airflow', 'tasks', 'run', 'etl_google_analytics_dag', 'ga_sessions_data_extration', 'scheduled__2016-08-10T18:00:00+00:00', '--job-id', '18', '--raw', '--subdir', 'DAGS_FOLDER/etl_google_analytics_dag.py', '--cfg-path', '/tmp/tmpa8dzuesf']
[2025-11-01T04:09:58.176+0530] {standard_task_runner.py:105} INFO - Job 18: Subtask ga_sessions_data_extration
[2025-11-01T04:09:58.221+0530] {task_command.py:467} INFO - Running <TaskInstance: etl_google_analytics_dag.ga_sessions_data_extration scheduled__2016-08-10T18:00:00+00:00 [running]> on host Abhijit.
[2025-11-01T04:09:58.300+0530] {taskinstance.py:3132} INFO - Exporting env vars: AIRFLOW_CTX_DAG_OWNER='airflow' AIRFLOW_CTX_DAG_ID='etl_google_analytics_dag' AIRFLOW_CTX_TASK_ID='ga_sessions_data_extration' AIRFLOW_CTX_EXECUTION_DATE='2016-08-10T18:00:00+00:00' AIRFLOW_CTX_TRY_NUMBER='1' AIRFLOW_CTX_DAG_RUN_ID='scheduled__2016-08-10T18:00:00+00:00'
[2025-11-01T04:09:58.302+0530] {taskinstance.py:731} INFO - ::endgroup::
[2025-11-01T04:09:58.312+0530] {data_extractor.py:168} INFO - Starting GA Sessions extraction from 2016-08-03 to 2016-08-09
[2025-11-01T04:09:58.312+0530] {data_extractor.py:174} INFO - Fetching GA Sessions for date 20160803...
[2025-11-01T04:09:58.312+0530] {data_extractor.py:85} INFO - Fetching page 1 with params: {'date': '20160803'}
[2025-11-01T04:10:00.993+0530] {api_client.py:83} INFO - Fetched GA sessions with pagination info: {
  "has_next": true,
  "has_previous": false,
  "limit": 50,
  "page": 1,
  "total_pages": 58,
  "total_records": 2890
}
[2025-11-01T04:10:00.994+0530] {data_extractor.py:98} INFO - Fetched 50 records (total so far: 50).
[2025-11-01T04:10:00.994+0530] {data_extractor.py:85} INFO - Fetching page 2 with params: {'date': '20160803'}
[2025-11-01T04:10:04.000+0530] {api_client.py:83} INFO - Fetched GA sessions with pagination info: {
  "has_next": true,
  "has_previous": true,
  "limit": 50,
  "page": 2,
  "total_pages": 58,
  "total_records": 2890
}
[2025-11-01T04:10:04.001+0530] {data_extractor.py:98} INFO - Fetched 50 records (total so far: 100).
[2025-11-01T04:10:04.001+0530] {data_extractor.py:85} INFO - Fetching page 3 with params: {'date': '20160803'}
[2025-11-01T04:10:06.648+0530] {api_client.py:83} INFO - Fetched GA sessions with pagination info: {
  "has_next": true,
  "has_previous": true,
  "limit": 50,
  "page": 3,
  "total_pages": 58,
  "total_records": 2890
}
[2025-11-01T04:10:06.648+0530] {data_extractor.py:98} INFO - Fetched 50 records (total so far: 150).
[2025-11-01T04:10:06.648+0530] {data_extractor.py:85} INFO - Fetching page 4 with params: {'date': '20160803'}
[2025-11-01T04:10:09.287+0530] {api_client.py:83} INFO - Fetched GA sessions with pagination info: {
  "has_next": true,
  "has_previous": true,
  "limit": 50,
  "page": 4,
  "total_pages": 58,
  "total_records": 2890
}
[2025-11-01T04:10:09.287+0530] {data_extractor.py:98} INFO - Fetched 50 records (total so far: 200).
[2025-11-01T04:10:09.287+0530] {data_extractor.py:85} INFO - Fetching page 5 with params: {'date': '20160803'}
[2025-11-01T04:10:11.615+0530] {api_client.py:83} INFO - Fetched GA sessions with pagination info: {
  "has_next": true,
  "has_previous": true,
  "limit": 50,
  "page": 5,
  "total_pages": 58,
  "total_records": 2890
}
[2025-11-01T04:10:11.615+0530] {data_extractor.py:98} INFO - Fetched 50 records (total so far: 250).
[2025-11-01T04:10:11.616+0530] {data_extractor.py:85} INFO - Fetching page 6 with params: {'date': '20160803'}
[2025-11-01T04:10:13.914+0530] {api_client.py:83} INFO - Fetched GA sessions with pagination info: {
  "has_next": true,
  "has_previous": true,
  "limit": 50,
  "page": 6,
  "total_pages": 58,
  "total_records": 2890
}
[2025-11-01T04:10:13.915+0530] {data_extractor.py:98} INFO - Fetched 50 records (total so far: 300).
[2025-11-01T04:10:13.916+0530] {data_extractor.py:85} INFO - Fetching page 7 with params: {'date': '20160803'}
[2025-11-01T04:10:16.252+0530] {api_client.py:83} INFO - Fetched GA sessions with pagination info: {
  "has_next": true,
  "has_previous": true,
  "limit": 50,
  "page": 7,
  "total_pages": 58,
  "total_records": 2890
}
[2025-11-01T04:10:16.252+0530] {data_extractor.py:98} INFO - Fetched 50 records (total so far: 350).
[2025-11-01T04:10:16.253+0530] {data_extractor.py:85} INFO - Fetching page 8 with params: {'date': '20160803'}
[2025-11-01T04:10:18.679+0530] {api_client.py:83} INFO - Fetched GA sessions with pagination info: {
  "has_next": true,
  "has_previous": true,
  "limit": 50,
  "page": 8,
  "total_pages": 58,
  "total_records": 2890
}
[2025-11-01T04:10:18.680+0530] {data_extractor.py:98} INFO - Fetched 50 records (total so far: 400).
[2025-11-01T04:10:18.680+0530] {data_extractor.py:85} INFO - Fetching page 9 with params: {'date': '20160803'}
[2025-11-01T04:10:20.973+0530] {api_client.py:83} INFO - Fetched GA sessions with pagination info: {
  "has_next": true,
  "has_previous": true,
  "limit": 50,
  "page": 9,
  "total_pages": 58,
  "total_records": 2890
}
[2025-11-01T04:10:20.973+0530] {data_extractor.py:98} INFO - Fetched 50 records (total so far: 450).
[2025-11-01T04:10:20.974+0530] {data_extractor.py:85} INFO - Fetching page 10 with params: {'date': '20160803'}
[2025-11-01T04:10:23.325+0530] {api_client.py:83} INFO - Fetched GA sessions with pagination info: {
  "has_next": true,
  "has_previous": true,
  "limit": 50,
  "page": 10,
  "total_pages": 58,
  "total_records": 2890
}
[2025-11-01T04:10:23.326+0530] {data_extractor.py:98} INFO - Fetched 50 records (total so far: 500).
[2025-11-01T04:10:23.326+0530] {data_extractor.py:85} INFO - Fetching page 11 with params: {'date': '20160803'}
[2025-11-01T04:10:25.683+0530] {api_client.py:83} INFO - Fetched GA sessions with pagination info: {
  "has_next": true,
  "has_previous": true,
  "limit": 50,
  "page": 11,
  "total_pages": 58,
  "total_records": 2890
}
[2025-11-01T04:10:25.684+0530] {data_extractor.py:98} INFO - Fetched 50 records (total so far: 550).
[2025-11-01T04:10:25.684+0530] {data_extractor.py:85} INFO - Fetching page 12 with params: {'date': '20160803'}
[2025-11-01T04:10:28.040+0530] {api_client.py:83} INFO - Fetched GA sessions with pagination info: {
  "has_next": true,
  "has_previous": true,
  "limit": 50,
  "page": 12,
  "total_pages": 58,
  "total_records": 2890
}
[2025-11-01T04:10:28.041+0530] {data_extractor.py:98} INFO - Fetched 50 records (total so far: 600).
[2025-11-01T04:10:28.041+0530] {data_extractor.py:85} INFO - Fetching page 13 with params: {'date': '20160803'}
[2025-11-01T04:10:30.402+0530] {api_client.py:83} INFO - Fetched GA sessions with pagination info: {
  "has_next": true,
  "has_previous": true,
  "limit": 50,
  "page": 13,
  "total_pages": 58,
  "total_records": 2890
}
[2025-11-01T04:10:30.402+0530] {data_extractor.py:98} INFO - Fetched 50 records (total so far: 650).
[2025-11-01T04:10:30.403+0530] {data_extractor.py:85} INFO - Fetching page 14 with params: {'date': '20160803'}
[2025-11-01T04:10:32.973+0530] {api_client.py:83} INFO - Fetched GA sessions with pagination info: {
  "has_next": true,
  "has_previous": true,
  "limit": 50,
  "page": 14,
  "total_pages": 58,
  "total_records": 2890
}
[2025-11-01T04:10:32.974+0530] {data_extractor.py:98} INFO - Fetched 50 records (total so far: 700).
[2025-11-01T04:10:32.974+0530] {data_extractor.py:85} INFO - Fetching page 15 with params: {'date': '20160803'}
[2025-11-01T04:10:35.236+0530] {api_client.py:83} INFO - Fetched GA sessions with pagination info: {
  "has_next": true,
  "has_previous": true,
  "limit": 50,
  "page": 15,
  "total_pages": 58,
  "total_records": 2890
}
[2025-11-01T04:10:35.236+0530] {data_extractor.py:98} INFO - Fetched 50 records (total so far: 750).
[2025-11-01T04:10:35.237+0530] {data_extractor.py:85} INFO - Fetching page 16 with params: {'date': '20160803'}
[2025-11-01T04:10:37.604+0530] {api_client.py:83} INFO - Fetched GA sessions with pagination info: {
  "has_next": true,
  "has_previous": true,
  "limit": 50,
  "page": 16,
  "total_pages": 58,
  "total_records": 2890
}
[2025-11-01T04:10:37.604+0530] {data_extractor.py:98} INFO - Fetched 50 records (total so far: 800).
[2025-11-01T04:10:37.605+0530] {data_extractor.py:85} INFO - Fetching page 17 with params: {'date': '20160803'}
[2025-11-01T04:10:38.559+0530] {local_task_job_runner.py:346} WARNING - State of this instance has been externally set to success. Terminating instance.
[2025-11-01T04:10:38.561+0530] {local_task_job_runner.py:245} INFO - ::endgroup::
[2025-11-01T04:10:38.563+0530] {process_utils.py:132} INFO - Sending 15 to group 147172. PIDs of all processes in the group: [147172]
[2025-11-01T04:10:38.563+0530] {process_utils.py:87} INFO - Sending the signal 15 to group 147172
[2025-11-01T04:10:38.563+0530] {taskinstance.py:3093} ERROR - Received SIGTERM. Terminating subprocesses.
[2025-11-01T04:10:38.591+0530] {taskinstance.py:340} INFO - ::group::Post task execution logs
[2025-11-01T04:10:38.616+0530] {process_utils.py:80} INFO - Process psutil.Process(pid=147172, status='terminated', exitcode=0) (147172) terminated with exit code 0
