[2025-11-01T04:13:48.064+0530] {local_task_job_runner.py:123} INFO - ::group::Pre task execution logs
[2025-11-01T04:13:48.072+0530] {taskinstance.py:2613} INFO - Dependencies all met for dep_context=non-requeueable deps ti=<TaskInstance: etl_google_analytics_dag.ga_sessions_bq_ingestion scheduled__2016-08-24T06:00:00+00:00 [queued]>
[2025-11-01T04:13:48.079+0530] {taskinstance.py:2613} INFO - Dependencies all met for dep_context=requeueable deps ti=<TaskInstance: etl_google_analytics_dag.ga_sessions_bq_ingestion scheduled__2016-08-24T06:00:00+00:00 [queued]>
[2025-11-01T04:13:48.080+0530] {taskinstance.py:2866} INFO - Starting attempt 1 of 3
[2025-11-01T04:13:48.105+0530] {taskinstance.py:2889} INFO - Executing <Task(PythonOperator): ga_sessions_bq_ingestion> on 2016-08-24 06:00:00+00:00
[2025-11-01T04:13:48.109+0530] {standard_task_runner.py:72} INFO - Started process 150974 to run task
[2025-11-01T04:13:48.111+0530] {standard_task_runner.py:104} INFO - Running: ['airflow', 'tasks', 'run', 'etl_google_analytics_dag', 'ga_sessions_bq_ingestion', 'scheduled__2016-08-24T06:00:00+00:00', '--job-id', '26', '--raw', '--subdir', 'DAGS_FOLDER/etl_google_analytics_dag.py', '--cfg-path', '/tmp/tmpqnxiz2nv']
[2025-11-01T04:13:48.113+0530] {standard_task_runner.py:105} INFO - Job 26: Subtask ga_sessions_bq_ingestion
[2025-11-01T04:13:48.156+0530] {task_command.py:467} INFO - Running <TaskInstance: etl_google_analytics_dag.ga_sessions_bq_ingestion scheduled__2016-08-24T06:00:00+00:00 [running]> on host Abhijit.
[2025-11-01T04:13:48.239+0530] {taskinstance.py:3132} INFO - Exporting env vars: AIRFLOW_CTX_DAG_OWNER='airflow' AIRFLOW_CTX_DAG_ID='etl_google_analytics_dag' AIRFLOW_CTX_TASK_ID='ga_sessions_bq_ingestion' AIRFLOW_CTX_EXECUTION_DATE='2016-08-24T06:00:00+00:00' AIRFLOW_CTX_TRY_NUMBER='1' AIRFLOW_CTX_DAG_RUN_ID='scheduled__2016-08-24T06:00:00+00:00'
[2025-11-01T04:13:48.241+0530] {taskinstance.py:731} INFO - ::endgroup::
[2025-11-01T04:13:48.291+0530] {bq_data_load.py:168} INFO - ⏭️ No directories found for date 2016-08-17
[2025-11-01T04:13:48.291+0530] {bq_data_load.py:168} INFO - ⏭️ No directories found for date 2016-08-18
[2025-11-01T04:13:48.292+0530] {bq_data_load.py:168} INFO - ⏭️ No directories found for date 2016-08-19
[2025-11-01T04:13:48.292+0530] {bq_data_load.py:168} INFO - ⏭️ No directories found for date 2016-08-20
[2025-11-01T04:13:48.292+0530] {bq_data_load.py:168} INFO - ⏭️ No directories found for date 2016-08-21
[2025-11-01T04:13:48.293+0530] {bq_data_load.py:168} INFO - ⏭️ No directories found for date 2016-08-22
[2025-11-01T04:13:48.293+0530] {bq_data_load.py:168} INFO - ⏭️ No directories found for date 2016-08-23
[2025-11-01T04:13:48.293+0530] {python.py:240} INFO - Done. Returned value was: None
[2025-11-01T04:13:48.299+0530] {taskinstance.py:340} INFO - ::group::Post task execution logs
[2025-11-01T04:13:48.299+0530] {taskinstance.py:352} INFO - Marking task as SUCCESS. dag_id=etl_google_analytics_dag, task_id=ga_sessions_bq_ingestion, run_id=scheduled__2016-08-24T06:00:00+00:00, execution_date=20160824T060000, start_date=20251031T224348, end_date=20251031T224348
[2025-11-01T04:13:48.367+0530] {local_task_job_runner.py:266} INFO - Task exited with return code 0
[2025-11-01T04:13:48.377+0530] {taskinstance.py:3895} INFO - 0 downstream tasks scheduled from follow-on schedule check
[2025-11-01T04:13:48.377+0530] {local_task_job_runner.py:245} INFO - ::endgroup::
