[2025-11-01T15:13:03.154+0530] {processor.py:186} INFO - Started process (PID=66050) to work on /home/adminabhi/gitrepo/dish-second-course/src/etl/etl_google_analytics_dag.py
[2025-11-01T15:13:03.155+0530] {processor.py:914} INFO - Processing file /home/adminabhi/gitrepo/dish-second-course/src/etl/etl_google_analytics_dag.py for tasks to queue
[2025-11-01T15:13:03.159+0530] {logging_mixin.py:190} INFO - [2025-11-01T15:13:03.158+0530] {dagbag.py:588} INFO - Filling up the DagBag from /home/adminabhi/gitrepo/dish-second-course/src/etl/etl_google_analytics_dag.py
[2025-11-01T15:13:03.419+0530] {logging_mixin.py:190} WARNING - /root/.cache/pypoetry/virtualenvs/dish-second-course-SaEmTrMc-py3.10/lib/python3.10/site-packages/google/api_core/_python_version_support.py:266 FutureWarning: You are using a Python version (3.10.12) which Google will stop supporting in new releases of google.api_core once it reaches its end of life (2026-10-04). Please upgrade to the latest Python version, or at least Python 3.11, to continue receiving updates for google.api_core past that date.
[2025-11-01T15:13:03.425+0530] {processor.py:925} INFO - DAG(s) 'etl_google_analytics_dag' retrieved from /home/adminabhi/gitrepo/dish-second-course/src/etl/etl_google_analytics_dag.py
[2025-11-01T15:13:03.575+0530] {logging_mixin.py:190} INFO - [2025-11-01T15:13:03.574+0530] {dag.py:3239} INFO - Sync 1 DAGs
[2025-11-01T15:13:03.603+0530] {logging_mixin.py:190} INFO - [2025-11-01T15:13:03.603+0530] {dag.py:4180} INFO - Setting next_dagrun for etl_google_analytics_dag to 2025-10-29 18:00:00+00:00, run_after=2025-11-05 06:00:00+00:00
[2025-11-01T15:13:03.652+0530] {processor.py:208} INFO - Processing /home/adminabhi/gitrepo/dish-second-course/src/etl/etl_google_analytics_dag.py took 0.508 seconds
[2025-11-01T15:13:34.432+0530] {processor.py:186} INFO - Started process (PID=66357) to work on /home/adminabhi/gitrepo/dish-second-course/src/etl/etl_google_analytics_dag.py
[2025-11-01T15:13:34.433+0530] {processor.py:914} INFO - Processing file /home/adminabhi/gitrepo/dish-second-course/src/etl/etl_google_analytics_dag.py for tasks to queue
[2025-11-01T15:13:34.436+0530] {logging_mixin.py:190} INFO - [2025-11-01T15:13:34.436+0530] {dagbag.py:588} INFO - Filling up the DagBag from /home/adminabhi/gitrepo/dish-second-course/src/etl/etl_google_analytics_dag.py
[2025-11-01T15:13:34.624+0530] {logging_mixin.py:190} WARNING - /root/.cache/pypoetry/virtualenvs/dish-second-course-SaEmTrMc-py3.10/lib/python3.10/site-packages/google/api_core/_python_version_support.py:266 FutureWarning: You are using a Python version (3.10.12) which Google will stop supporting in new releases of google.api_core once it reaches its end of life (2026-10-04). Please upgrade to the latest Python version, or at least Python 3.11, to continue receiving updates for google.api_core past that date.
[2025-11-01T15:13:34.629+0530] {processor.py:925} INFO - DAG(s) 'etl_google_analytics_dag' retrieved from /home/adminabhi/gitrepo/dish-second-course/src/etl/etl_google_analytics_dag.py
[2025-11-01T15:13:34.649+0530] {logging_mixin.py:190} INFO - [2025-11-01T15:13:34.648+0530] {dag.py:3239} INFO - Sync 1 DAGs
[2025-11-01T15:13:34.668+0530] {logging_mixin.py:190} INFO - [2025-11-01T15:13:34.668+0530] {dag.py:4180} INFO - Setting next_dagrun for etl_google_analytics_dag to 2025-10-29 18:00:00+00:00, run_after=2025-11-05 06:00:00+00:00
[2025-11-01T15:13:34.700+0530] {processor.py:208} INFO - Processing /home/adminabhi/gitrepo/dish-second-course/src/etl/etl_google_analytics_dag.py took 0.277 seconds
[2025-11-01T15:14:05.792+0530] {processor.py:186} INFO - Started process (PID=66543) to work on /home/adminabhi/gitrepo/dish-second-course/src/etl/etl_google_analytics_dag.py
[2025-11-01T15:14:05.794+0530] {processor.py:914} INFO - Processing file /home/adminabhi/gitrepo/dish-second-course/src/etl/etl_google_analytics_dag.py for tasks to queue
[2025-11-01T15:14:05.796+0530] {logging_mixin.py:190} INFO - [2025-11-01T15:14:05.796+0530] {dagbag.py:588} INFO - Filling up the DagBag from /home/adminabhi/gitrepo/dish-second-course/src/etl/etl_google_analytics_dag.py
[2025-11-01T15:14:06.094+0530] {logging_mixin.py:190} WARNING - /root/.cache/pypoetry/virtualenvs/dish-second-course-SaEmTrMc-py3.10/lib/python3.10/site-packages/google/api_core/_python_version_support.py:266 FutureWarning: You are using a Python version (3.10.12) which Google will stop supporting in new releases of google.api_core once it reaches its end of life (2026-10-04). Please upgrade to the latest Python version, or at least Python 3.11, to continue receiving updates for google.api_core past that date.
[2025-11-01T15:14:06.100+0530] {processor.py:925} INFO - DAG(s) 'etl_google_analytics_dag' retrieved from /home/adminabhi/gitrepo/dish-second-course/src/etl/etl_google_analytics_dag.py
[2025-11-01T15:14:06.132+0530] {logging_mixin.py:190} INFO - [2025-11-01T15:14:06.131+0530] {dag.py:3239} INFO - Sync 1 DAGs
[2025-11-01T15:14:06.162+0530] {logging_mixin.py:190} INFO - [2025-11-01T15:14:06.161+0530] {dag.py:4180} INFO - Setting next_dagrun for etl_google_analytics_dag to 2025-10-29 18:00:00+00:00, run_after=2025-11-05 06:00:00+00:00
[2025-11-01T15:14:06.200+0530] {processor.py:208} INFO - Processing /home/adminabhi/gitrepo/dish-second-course/src/etl/etl_google_analytics_dag.py took 0.413 seconds
[2025-11-01T15:14:46.802+0530] {processor.py:186} INFO - Started process (PID=67225) to work on /home/adminabhi/gitrepo/dish-second-course/src/etl/etl_google_analytics_dag.py
[2025-11-01T15:14:46.804+0530] {processor.py:914} INFO - Processing file /home/adminabhi/gitrepo/dish-second-course/src/etl/etl_google_analytics_dag.py for tasks to queue
[2025-11-01T15:14:46.807+0530] {logging_mixin.py:190} INFO - [2025-11-01T15:14:46.806+0530] {dagbag.py:588} INFO - Filling up the DagBag from /home/adminabhi/gitrepo/dish-second-course/src/etl/etl_google_analytics_dag.py
[2025-11-01T15:14:46.978+0530] {logging_mixin.py:190} WARNING - /root/.cache/pypoetry/virtualenvs/dish-second-course-SaEmTrMc-py3.10/lib/python3.10/site-packages/google/api_core/_python_version_support.py:266 FutureWarning: You are using a Python version (3.10.12) which Google will stop supporting in new releases of google.api_core once it reaches its end of life (2026-10-04). Please upgrade to the latest Python version, or at least Python 3.11, to continue receiving updates for google.api_core past that date.
[2025-11-01T15:14:46.981+0530] {processor.py:925} INFO - DAG(s) 'etl_google_analytics_dag' retrieved from /home/adminabhi/gitrepo/dish-second-course/src/etl/etl_google_analytics_dag.py
[2025-11-01T15:14:46.997+0530] {logging_mixin.py:190} INFO - [2025-11-01T15:14:46.997+0530] {dag.py:3239} INFO - Sync 1 DAGs
[2025-11-01T15:14:47.020+0530] {logging_mixin.py:190} INFO - [2025-11-01T15:14:47.019+0530] {dag.py:4180} INFO - Setting next_dagrun for etl_google_analytics_dag to 2025-10-29 18:00:00+00:00, run_after=2025-11-05 06:00:00+00:00
[2025-11-01T15:14:47.052+0530] {processor.py:208} INFO - Processing /home/adminabhi/gitrepo/dish-second-course/src/etl/etl_google_analytics_dag.py took 0.255 seconds
[2025-11-01T15:16:15.084+0530] {processor.py:186} INFO - Started process (PID=68774) to work on /home/adminabhi/gitrepo/dish-second-course/src/etl/etl_google_analytics_dag.py
[2025-11-01T15:16:15.085+0530] {processor.py:914} INFO - Processing file /home/adminabhi/gitrepo/dish-second-course/src/etl/etl_google_analytics_dag.py for tasks to queue
[2025-11-01T15:16:15.087+0530] {logging_mixin.py:190} INFO - [2025-11-01T15:16:15.086+0530] {dagbag.py:588} INFO - Filling up the DagBag from /home/adminabhi/gitrepo/dish-second-course/src/etl/etl_google_analytics_dag.py
[2025-11-01T15:16:15.285+0530] {logging_mixin.py:190} WARNING - /root/.cache/pypoetry/virtualenvs/dish-second-course-SaEmTrMc-py3.10/lib/python3.10/site-packages/google/api_core/_python_version_support.py:266 FutureWarning: You are using a Python version (3.10.12) which Google will stop supporting in new releases of google.api_core once it reaches its end of life (2026-10-04). Please upgrade to the latest Python version, or at least Python 3.11, to continue receiving updates for google.api_core past that date.
[2025-11-01T15:16:15.286+0530] {processor.py:925} INFO - DAG(s) 'etl_google_analytics_dag' retrieved from /home/adminabhi/gitrepo/dish-second-course/src/etl/etl_google_analytics_dag.py
[2025-11-01T15:16:15.307+0530] {logging_mixin.py:190} INFO - [2025-11-01T15:16:15.306+0530] {dag.py:3239} INFO - Sync 1 DAGs
[2025-11-01T15:16:15.324+0530] {logging_mixin.py:190} INFO - [2025-11-01T15:16:15.324+0530] {dag.py:4180} INFO - Setting next_dagrun for etl_google_analytics_dag to 2025-10-29 18:00:00+00:00, run_after=2025-11-05 06:00:00+00:00
[2025-11-01T15:16:15.358+0530] {processor.py:208} INFO - Processing /home/adminabhi/gitrepo/dish-second-course/src/etl/etl_google_analytics_dag.py took 0.279 seconds
[2025-11-01T15:18:21.559+0530] {processor.py:186} INFO - Started process (PID=71081) to work on /home/adminabhi/gitrepo/dish-second-course/src/etl/etl_google_analytics_dag.py
[2025-11-01T15:18:21.560+0530] {processor.py:914} INFO - Processing file /home/adminabhi/gitrepo/dish-second-course/src/etl/etl_google_analytics_dag.py for tasks to queue
[2025-11-01T15:18:21.562+0530] {logging_mixin.py:190} INFO - [2025-11-01T15:18:21.561+0530] {dagbag.py:588} INFO - Filling up the DagBag from /home/adminabhi/gitrepo/dish-second-course/src/etl/etl_google_analytics_dag.py
[2025-11-01T15:18:21.942+0530] {logging_mixin.py:190} WARNING - /root/.cache/pypoetry/virtualenvs/dish-second-course-SaEmTrMc-py3.10/lib/python3.10/site-packages/google/api_core/_python_version_support.py:266 FutureWarning: You are using a Python version (3.10.12) which Google will stop supporting in new releases of google.api_core once it reaches its end of life (2026-10-04). Please upgrade to the latest Python version, or at least Python 3.11, to continue receiving updates for google.api_core past that date.
[2025-11-01T15:18:21.942+0530] {processor.py:925} INFO - DAG(s) 'etl_google_analytics_dag' retrieved from /home/adminabhi/gitrepo/dish-second-course/src/etl/etl_google_analytics_dag.py
[2025-11-01T15:18:21.961+0530] {logging_mixin.py:190} INFO - [2025-11-01T15:18:21.961+0530] {dag.py:3239} INFO - Sync 1 DAGs
[2025-11-01T15:18:21.979+0530] {logging_mixin.py:190} INFO - [2025-11-01T15:18:21.979+0530] {dag.py:4180} INFO - Setting next_dagrun for etl_google_analytics_dag to 2025-10-29 18:00:00+00:00, run_after=2025-11-05 06:00:00+00:00
[2025-11-01T15:18:22.011+0530] {processor.py:208} INFO - Processing /home/adminabhi/gitrepo/dish-second-course/src/etl/etl_google_analytics_dag.py took 0.457 seconds
[2025-11-01T15:19:14.682+0530] {processor.py:186} INFO - Started process (PID=71846) to work on /home/adminabhi/gitrepo/dish-second-course/src/etl/etl_google_analytics_dag.py
[2025-11-01T15:19:14.683+0530] {processor.py:914} INFO - Processing file /home/adminabhi/gitrepo/dish-second-course/src/etl/etl_google_analytics_dag.py for tasks to queue
[2025-11-01T15:19:14.684+0530] {logging_mixin.py:190} INFO - [2025-11-01T15:19:14.684+0530] {dagbag.py:588} INFO - Filling up the DagBag from /home/adminabhi/gitrepo/dish-second-course/src/etl/etl_google_analytics_dag.py
[2025-11-01T15:19:14.851+0530] {logging_mixin.py:190} WARNING - /root/.cache/pypoetry/virtualenvs/dish-second-course-SaEmTrMc-py3.10/lib/python3.10/site-packages/google/api_core/_python_version_support.py:266 FutureWarning: You are using a Python version (3.10.12) which Google will stop supporting in new releases of google.api_core once it reaches its end of life (2026-10-04). Please upgrade to the latest Python version, or at least Python 3.11, to continue receiving updates for google.api_core past that date.
[2025-11-01T15:19:14.852+0530] {processor.py:925} INFO - DAG(s) 'etl_google_analytics_dag' retrieved from /home/adminabhi/gitrepo/dish-second-course/src/etl/etl_google_analytics_dag.py
[2025-11-01T15:19:14.868+0530] {logging_mixin.py:190} INFO - [2025-11-01T15:19:14.868+0530] {dag.py:3239} INFO - Sync 1 DAGs
[2025-11-01T15:19:14.884+0530] {logging_mixin.py:190} INFO - [2025-11-01T15:19:14.883+0530] {dag.py:4180} INFO - Setting next_dagrun for etl_google_analytics_dag to 2025-10-29 18:00:00+00:00, run_after=2025-11-05 06:00:00+00:00
[2025-11-01T15:19:14.915+0530] {processor.py:208} INFO - Processing /home/adminabhi/gitrepo/dish-second-course/src/etl/etl_google_analytics_dag.py took 0.238 seconds
