[2025-11-01T03:18:52.267+0530] {local_task_job_runner.py:123} INFO - ::group::Pre task execution logs
[2025-11-01T03:18:52.282+0530] {taskinstance.py:2613} INFO - Dependencies all met for dep_context=non-requeueable deps ti=<TaskInstance: etl_google_analytics_dag.daily_visits_data_extration scheduled__2025-10-29T06:00:00+00:00 [queued]>
[2025-11-01T03:18:52.292+0530] {taskinstance.py:2613} INFO - Dependencies all met for dep_context=requeueable deps ti=<TaskInstance: etl_google_analytics_dag.daily_visits_data_extration scheduled__2025-10-29T06:00:00+00:00 [queued]>
[2025-11-01T03:18:52.292+0530] {taskinstance.py:2866} INFO - Starting attempt 4 of 6
[2025-11-01T03:18:52.330+0530] {taskinstance.py:2889} INFO - Executing <Task(PythonOperator): daily_visits_data_extration> on 2025-10-29 06:00:00+00:00
[2025-11-01T03:18:52.338+0530] {standard_task_runner.py:72} INFO - Started process 113111 to run task
[2025-11-01T03:18:52.356+0530] {standard_task_runner.py:104} INFO - Running: ['airflow', 'tasks', 'run', 'etl_google_analytics_dag', 'daily_visits_data_extration', 'scheduled__2025-10-29T06:00:00+00:00', '--job-id', '7', '--raw', '--subdir', 'DAGS_FOLDER/etl_google_analytics_dag.py', '--cfg-path', '/tmp/tmp5feyid13']
[2025-11-01T03:18:52.372+0530] {standard_task_runner.py:105} INFO - Job 7: Subtask daily_visits_data_extration
[2025-11-01T03:18:52.600+0530] {task_command.py:467} INFO - Running <TaskInstance: etl_google_analytics_dag.daily_visits_data_extration scheduled__2025-10-29T06:00:00+00:00 [running]> on host Abhijit.
[2025-11-01T03:18:52.905+0530] {taskinstance.py:3132} INFO - Exporting env vars: AIRFLOW_CTX_DAG_OWNER='airflow' AIRFLOW_CTX_DAG_ID='etl_google_analytics_dag' AIRFLOW_CTX_TASK_ID='daily_visits_data_extration' AIRFLOW_CTX_EXECUTION_DATE='2025-10-29T06:00:00+00:00' AIRFLOW_CTX_TRY_NUMBER='4' AIRFLOW_CTX_DAG_RUN_ID='scheduled__2025-10-29T06:00:00+00:00'
[2025-11-01T03:18:52.915+0530] {taskinstance.py:731} INFO - ::endgroup::
[2025-11-01T03:18:52.976+0530] {data_extractor.py:130} INFO - Starting Daily Visits extraction from 2025-10-22 to 2025-10-28
[2025-11-01T03:18:52.977+0530] {data_extractor.py:136} INFO - Fetching Daily Visits for date 2025-10-22...
[2025-11-01T03:18:52.977+0530] {data_extractor.py:85} INFO - Fetching page 1 with params: {'start_date': '2025-10-22', 'end_date': '2025-10-22'}
[2025-11-01T03:19:00.071+0530] {api_client.py:38} ERROR - HTTP error 500: {"description":"Internal server error","error":500}

[2025-11-01T03:19:00.072+0530] {data_extractor.py:89} WARNING - No data returned for page 1.
[2025-11-01T03:19:00.073+0530] {data_extractor.py:150} WARNING - No Daily Visit data found for 2025-10-22.
[2025-11-01T03:19:00.075+0530] {data_extractor.py:136} INFO - Fetching Daily Visits for date 2025-10-23...
[2025-11-01T03:19:00.075+0530] {data_extractor.py:85} INFO - Fetching page 1 with params: {'start_date': '2025-10-23', 'end_date': '2025-10-23'}
[2025-11-01T03:19:02.948+0530] {api_client.py:38} ERROR - HTTP error 500: {"description":"Internal server error","error":500}

[2025-11-01T03:19:02.949+0530] {data_extractor.py:89} WARNING - No data returned for page 1.
[2025-11-01T03:19:02.950+0530] {data_extractor.py:150} WARNING - No Daily Visit data found for 2025-10-23.
[2025-11-01T03:19:02.950+0530] {data_extractor.py:136} INFO - Fetching Daily Visits for date 2025-10-24...
[2025-11-01T03:19:02.950+0530] {data_extractor.py:85} INFO - Fetching page 1 with params: {'start_date': '2025-10-24', 'end_date': '2025-10-24'}
[2025-11-01T03:19:05.702+0530] {api_client.py:38} ERROR - HTTP error 500: {"description":"Internal server error","error":500}

[2025-11-01T03:19:05.702+0530] {data_extractor.py:89} WARNING - No data returned for page 1.
[2025-11-01T03:19:05.703+0530] {data_extractor.py:150} WARNING - No Daily Visit data found for 2025-10-24.
[2025-11-01T03:19:05.703+0530] {data_extractor.py:136} INFO - Fetching Daily Visits for date 2025-10-25...
[2025-11-01T03:19:05.703+0530] {data_extractor.py:85} INFO - Fetching page 1 with params: {'start_date': '2025-10-25', 'end_date': '2025-10-25'}
[2025-11-01T03:19:08.468+0530] {api_client.py:38} ERROR - HTTP error 500: {"description":"Internal server error","error":500}

[2025-11-01T03:19:08.469+0530] {data_extractor.py:89} WARNING - No data returned for page 1.
[2025-11-01T03:19:08.469+0530] {data_extractor.py:150} WARNING - No Daily Visit data found for 2025-10-25.
[2025-11-01T03:19:08.469+0530] {data_extractor.py:136} INFO - Fetching Daily Visits for date 2025-10-26...
[2025-11-01T03:19:08.470+0530] {data_extractor.py:85} INFO - Fetching page 1 with params: {'start_date': '2025-10-26', 'end_date': '2025-10-26'}
[2025-11-01T03:19:11.030+0530] {api_client.py:38} ERROR - HTTP error 500: {"description":"Internal server error","error":500}

[2025-11-01T03:19:11.030+0530] {data_extractor.py:89} WARNING - No data returned for page 1.
[2025-11-01T03:19:11.031+0530] {data_extractor.py:150} WARNING - No Daily Visit data found for 2025-10-26.
[2025-11-01T03:19:11.031+0530] {data_extractor.py:136} INFO - Fetching Daily Visits for date 2025-10-27...
[2025-11-01T03:19:11.031+0530] {data_extractor.py:85} INFO - Fetching page 1 with params: {'start_date': '2025-10-27', 'end_date': '2025-10-27'}
[2025-11-01T03:19:13.693+0530] {api_client.py:38} ERROR - HTTP error 500: {"description":"Internal server error","error":500}

[2025-11-01T03:19:13.694+0530] {data_extractor.py:89} WARNING - No data returned for page 1.
[2025-11-01T03:19:13.694+0530] {data_extractor.py:150} WARNING - No Daily Visit data found for 2025-10-27.
[2025-11-01T03:19:13.695+0530] {data_extractor.py:157} INFO - ✅ Completed Daily Visits extraction for all dates.
[2025-11-01T03:19:13.695+0530] {python.py:240} INFO - Done. Returned value was: None
[2025-11-01T03:19:13.703+0530] {taskinstance.py:340} INFO - ::group::Post task execution logs
[2025-11-01T03:19:13.703+0530] {taskinstance.py:352} INFO - Marking task as SUCCESS. dag_id=etl_google_analytics_dag, task_id=daily_visits_data_extration, run_id=scheduled__2025-10-29T06:00:00+00:00, execution_date=20251029T060000, start_date=20251031T214852, end_date=20251031T214913
[2025-11-01T03:19:13.809+0530] {local_task_job_runner.py:266} INFO - Task exited with return code 0
[2025-11-01T03:19:13.834+0530] {taskinstance.py:3895} INFO - 1 downstream tasks scheduled from follow-on schedule check
[2025-11-01T03:19:13.853+0530] {local_task_job_runner.py:245} INFO - ::endgroup::
