[2025-11-01T04:13:50.274+0530] {local_task_job_runner.py:123} INFO - ::group::Pre task execution logs
[2025-11-01T04:13:50.282+0530] {taskinstance.py:2613} INFO - Dependencies all met for dep_context=non-requeueable deps ti=<TaskInstance: etl_google_analytics_dag.ga_sessions_bq_ingestion scheduled__2025-10-29T06:00:00+00:00 [queued]>
[2025-11-01T04:13:50.289+0530] {taskinstance.py:2613} INFO - Dependencies all met for dep_context=requeueable deps ti=<TaskInstance: etl_google_analytics_dag.ga_sessions_bq_ingestion scheduled__2025-10-29T06:00:00+00:00 [queued]>
[2025-11-01T04:13:50.289+0530] {taskinstance.py:2866} INFO - Starting attempt 1 of 3
[2025-11-01T04:13:50.320+0530] {taskinstance.py:2889} INFO - Executing <Task(PythonOperator): ga_sessions_bq_ingestion> on 2025-10-29 06:00:00+00:00
[2025-11-01T04:13:50.323+0530] {standard_task_runner.py:72} INFO - Started process 151023 to run task
[2025-11-01T04:13:50.327+0530] {standard_task_runner.py:104} INFO - Running: ['airflow', 'tasks', 'run', 'etl_google_analytics_dag', 'ga_sessions_bq_ingestion', 'scheduled__2025-10-29T06:00:00+00:00', '--job-id', '27', '--raw', '--subdir', 'DAGS_FOLDER/etl_google_analytics_dag.py', '--cfg-path', '/tmp/tmp0sc31s66']
[2025-11-01T04:13:50.329+0530] {standard_task_runner.py:105} INFO - Job 27: Subtask ga_sessions_bq_ingestion
[2025-11-01T04:13:50.373+0530] {task_command.py:467} INFO - Running <TaskInstance: etl_google_analytics_dag.ga_sessions_bq_ingestion scheduled__2025-10-29T06:00:00+00:00 [running]> on host Abhijit.
[2025-11-01T04:13:50.464+0530] {taskinstance.py:3132} INFO - Exporting env vars: AIRFLOW_CTX_DAG_OWNER='airflow' AIRFLOW_CTX_DAG_ID='etl_google_analytics_dag' AIRFLOW_CTX_TASK_ID='ga_sessions_bq_ingestion' AIRFLOW_CTX_EXECUTION_DATE='2025-10-29T06:00:00+00:00' AIRFLOW_CTX_TRY_NUMBER='1' AIRFLOW_CTX_DAG_RUN_ID='scheduled__2025-10-29T06:00:00+00:00'
[2025-11-01T04:13:50.465+0530] {taskinstance.py:731} INFO - ::endgroup::
[2025-11-01T04:13:50.518+0530] {bq_data_load.py:168} INFO - ⏭️ No directories found for date 2025-10-22
[2025-11-01T04:13:50.518+0530] {bq_data_load.py:168} INFO - ⏭️ No directories found for date 2025-10-23
[2025-11-01T04:13:50.518+0530] {bq_data_load.py:168} INFO - ⏭️ No directories found for date 2025-10-24
[2025-11-01T04:13:50.518+0530] {bq_data_load.py:168} INFO - ⏭️ No directories found for date 2025-10-25
[2025-11-01T04:13:50.518+0530] {bq_data_load.py:168} INFO - ⏭️ No directories found for date 2025-10-26
[2025-11-01T04:13:50.518+0530] {bq_data_load.py:168} INFO - ⏭️ No directories found for date 2025-10-27
[2025-11-01T04:13:50.519+0530] {bq_data_load.py:168} INFO - ⏭️ No directories found for date 2025-10-28
[2025-11-01T04:13:50.519+0530] {python.py:240} INFO - Done. Returned value was: None
[2025-11-01T04:13:50.523+0530] {taskinstance.py:340} INFO - ::group::Post task execution logs
[2025-11-01T04:13:50.523+0530] {taskinstance.py:352} INFO - Marking task as SUCCESS. dag_id=etl_google_analytics_dag, task_id=ga_sessions_bq_ingestion, run_id=scheduled__2025-10-29T06:00:00+00:00, execution_date=20251029T060000, start_date=20251031T224350, end_date=20251031T224350
[2025-11-01T04:13:50.581+0530] {local_task_job_runner.py:266} INFO - Task exited with return code 0
[2025-11-01T04:13:50.589+0530] {taskinstance.py:3895} INFO - 0 downstream tasks scheduled from follow-on schedule check
[2025-11-01T04:13:50.590+0530] {local_task_job_runner.py:245} INFO - ::endgroup::
